2025-06-06 11:25:42,337 - src.utils.logger - INFO - Logging system initialized
2025-06-06 11:25:42,338 - src.utils.logger - INFO - Log level: 20
2025-06-06 11:25:42,338 - src.utils.logger - INFO - Log file: data/logs/network_intelligence.log
2025-06-06 11:25:42,338 - __main__ - INFO - Initializing Enhanced Network Intelligence Monitor...
2025-06-06 11:25:42,339 - src.config - INFO - Loaded configuration from config.yaml
2025-06-06 11:25:42,339 - src.config - INFO - Configuration validation completed.
2025-06-06 11:25:42,339 - __main__ - INFO - Configuration loaded from: config.yaml
2025-06-06 11:25:42,339 - __main__ - INFO - NetworkQuality-RS enabled: False
2025-06-06 11:25:42,339 - __main__ - INFO - Detecting environment...
2025-06-06 11:25:42,340 - __main__ - INFO -   Platform: linux
2025-06-06 11:25:42,340 - __main__ - INFO -   Is container: True
2025-06-06 11:25:42,340 - __main__ - INFO -   Is cloud: False
2025-06-06 11:25:42,340 - __main__ - INFO -   Is edge device: False
2025-06-06 11:25:42,340 - __main__ - INFO -   Constraints: ['container_limits']
2025-06-06 11:25:42,341 - src.utils.database - INFO - Database tables created
2025-06-06 11:25:42,342 - src.utils.database - INFO - Database indexes created
2025-06-06 11:25:42,342 - src.utils.database - INFO - Database initialized: data/database/network_intelligence.db
2025-06-06 11:25:42,342 - __main__ - INFO - Ensured 'network_quality_rs_metrics' table exists.
2025-06-06 11:25:42,342 - __main__ - INFO - Database initialized: data/database/network_intelligence.db
2025-06-06 11:25:42,342 - src.collector - INFO - Enhanced network collector initialized
2025-06-06 11:25:42,342 - __main__ - INFO - Enhanced network collector initialized
2025-06-06 11:25:42,834 - src.lstm_auto - INFO - Enhanced LSTM anomaly detector initialized
2025-06-06 11:25:42,834 - ai - INFO - Model enhanced_lstm loaded from data/models
2025-06-06 11:25:42,834 - __main__ - INFO - Loaded existing AI models
2025-06-06 11:25:42,834 - __main__ - INFO - AI detection system initialized
2025-06-06 11:25:42,834 - __main__ - INFO - Mimir integration disabled or Mimir config missing.
2025-06-06 11:25:42,834 - src.alerts - INFO - Loaded 1 escalation rules
2025-06-06 11:25:42,834 - src.alerts - INFO - Alert management system started
2025-06-06 11:25:42,834 - __main__ - INFO - Alerting system initialized
2025-06-06 11:25:42,834 - src.dynamic_thresh - INFO - Initialized dynamic thresholds for 10 metrics
2025-06-06 11:25:42,834 - __main__ - INFO - Dynamic threshold management initialized
2025-06-06 11:25:42,836 - src.prom_export - INFO - Prometheus metrics server started on 0.0.0.0:8540
2025-06-06 11:25:42,836 - src.prom_export - INFO - Metrics aggregator started
2025-06-06 11:25:42,836 - __main__ - INFO - Prometheus metrics server configured on port 8540
2025-06-06 11:25:42,837 - __main__ - INFO - Enhanced API server initialized
2025-06-06 11:25:42,840 - websockets.server - INFO - server listening on 0.0.0.0:8001
2025-06-06 11:25:42,841 - src.websocket_server - INFO - WebSocket server started on ws://0.0.0.0:8001
2025-06-06 11:25:42,841 - __main__ - INFO - WebSocket server initialized and started on ws://0.0.0.0:8001
2025-06-06 11:25:42,841 - __main__ - INFO - NetworkQuality-RS monitoring is disabled in configuration.
2025-06-06 11:25:42,841 - __main__ - INFO - Edge optimization not enabled or deployment config missing.
2025-06-06 11:25:42,841 - __main__ - INFO - Integration verification setup completed.
2025-06-06 11:25:42,841 - __main__ - INFO - Enhanced Network Intelligence Monitor initialization complete
2025-06-06 11:25:42,841 - __main__ - INFO - Starting Enhanced Network Intelligence Monitor...
2025-06-06 11:25:42,841 - __main__ - INFO - Enhanced Network Intelligence Monitor started successfully
2025-06-06 11:25:42,841 - __main__ - INFO - === Enhanced Network Intelligence Monitor Started ===
2025-06-06 11:25:42,841 - __main__ - INFO - API Server: http://0.0.0.0:5000
2025-06-06 11:25:42,841 - __main__ - INFO - Metrics Export (for Alloy): http://0.0.0.0:8540/metrics
2025-06-06 11:25:42,841 - __main__ - INFO - WebSocket Server: ws://0.0.0.0:8001/ws
2025-06-06 11:25:42,841 - __main__ - INFO - Targets: 8.8.8.8, 1.1.1.1, google.com, github.com
2025-06-06 11:25:42,841 - __main__ - INFO - NetworkQuality-RS Monitoring: Disabled
2025-06-06 11:25:42,841 - __main__ - INFO - =====================================================
2025-06-06 11:25:42,841 - __main__ - INFO - Main (enhanced_collector) monitoring loop started
2025-06-06 11:26:08,382 - websockets.server - INFO - connection rejected (426 Upgrade Required)
2025-06-06 11:26:08,383 - websockets.server - ERROR - opening handshake failed
Traceback (most recent call last):
  File "/opt/network-monitor-ml/venv/lib/python3.12/site-packages/websockets/asyncio/server.py", line 356, in conn_handler
    await connection.handshake(
  File "/opt/network-monitor-ml/venv/lib/python3.12/site-packages/websockets/asyncio/server.py", line 207, in handshake
    raise self.protocol.handshake_exc
  File "/opt/network-monitor-ml/venv/lib/python3.12/site-packages/websockets/server.py", line 138, in accept
    ) = self.process_request(request)
        ^^^^^^^^^^^^^^^^^^^^^^^^^^^^^
  File "/opt/network-monitor-ml/venv/lib/python3.12/site-packages/websockets/server.py", line 233, in process_request
    raise InvalidUpgrade(
websockets.exceptions.InvalidUpgrade: missing Connection header
2025-06-06 11:26:12,773 - websockets.server - INFO - connection rejected (426 Upgrade Required)
2025-06-06 11:26:12,774 - websockets.server - ERROR - opening handshake failed
Traceback (most recent call last):
  File "/opt/network-monitor-ml/venv/lib/python3.12/site-packages/websockets/asyncio/server.py", line 356, in conn_handler
    await connection.handshake(
  File "/opt/network-monitor-ml/venv/lib/python3.12/site-packages/websockets/asyncio/server.py", line 207, in handshake
    raise self.protocol.handshake_exc
  File "/opt/network-monitor-ml/venv/lib/python3.12/site-packages/websockets/server.py", line 138, in accept
    ) = self.process_request(request)
        ^^^^^^^^^^^^^^^^^^^^^^^^^^^^^
  File "/opt/network-monitor-ml/venv/lib/python3.12/site-packages/websockets/server.py", line 233, in process_request
    raise InvalidUpgrade(
websockets.exceptions.InvalidUpgrade: missing Connection header
2025-06-06 11:26:38,381 - websockets.server - INFO - connection rejected (426 Upgrade Required)
2025-06-06 11:26:38,382 - websockets.server - ERROR - opening handshake failed
Traceback (most recent call last):
  File "/opt/network-monitor-ml/venv/lib/python3.12/site-packages/websockets/asyncio/server.py", line 356, in conn_handler
    await connection.handshake(
  File "/opt/network-monitor-ml/venv/lib/python3.12/site-packages/websockets/asyncio/server.py", line 207, in handshake
    raise self.protocol.handshake_exc
  File "/opt/network-monitor-ml/venv/lib/python3.12/site-packages/websockets/server.py", line 138, in accept
    ) = self.process_request(request)
        ^^^^^^^^^^^^^^^^^^^^^^^^^^^^^
  File "/opt/network-monitor-ml/venv/lib/python3.12/site-packages/websockets/server.py", line 233, in process_request
    raise InvalidUpgrade(
websockets.exceptions.InvalidUpgrade: missing Connection header
2025-06-06 11:26:39,779 - __main__ - INFO - Received signal SIGINT, initiating graceful shutdown...
2025-06-06 11:26:39,779 - __main__ - INFO - Stopping Enhanced Network Intelligence Monitor...
2025-06-06 11:26:39,779 - __main__ - INFO - API server task cancelled.
2025-06-06 11:26:39,779 - __main__ - INFO - Main monitoring loop cancelled.
2025-06-06 11:26:39,779 - __main__ - INFO - Main (enhanced_collector) monitoring loop stopped
2025-06-06 11:26:42,837 - src.prom_export - INFO - Metrics aggregator stopped
2025-06-06 11:26:42,837 - src.prom_export - INFO - Prometheus metrics server stopped
2025-06-06 11:26:42,838 - websockets.server - INFO - server closing
2025-06-06 11:26:42,838 - websockets.server - INFO - connection rejected (503 Service Unavailable)
2025-06-06 11:26:42,839 - websockets.server - INFO - server closed
2025-06-06 11:26:42,839 - src.websocket_server - INFO - WebSocket server stopped
2025-06-06 11:26:42,843 - src.utils.database - INFO - Database connection closed
2025-06-06 11:26:42,844 - __main__ - INFO - AI models saved
2025-06-06 11:26:42,844 - __main__ - INFO - === Final Performance Report ===
2025-06-06 11:26:42,844 - __main__ - INFO - System Uptime: 0.02 hours
2025-06-06 11:26:42,844 - __main__ - INFO - Total Standard Measurements: 3
2025-06-06 11:26:42,844 - __main__ - INFO - Total NetworkQuality-RS Measurements: 0
2025-06-06 11:26:42,844 - __main__ - INFO - Anomalies Detected: 0
2025-06-06 11:26:42,844 - __main__ - INFO - Alerts Sent: 0
2025-06-06 11:26:42,844 - __main__ - INFO - Model Trainings: 0
2025-06-06 11:26:42,844 - __main__ - INFO - Baseline Updates: 0
2025-06-06 11:26:42,844 - __main__ - INFO - Average Collection Time: 0.00s
2025-06-06 11:26:42,844 - __main__ - INFO - Final Health Score: 100.0
2025-06-06 11:26:42,844 - __main__ - INFO - ================================
2025-06-06 11:26:42,844 - __main__ - INFO - Enhanced Network Intelligence Monitor stopped
2025-06-06 11:26:42,844 - __main__ - INFO - Monitor shutdown was initiated, ensuring cleanup.
2025-06-06 11:26:42,844 - __main__ - INFO - Application shutdown sequence complete.
2025-06-06 11:27:53,848 - src.utils.logger - INFO - Logging system initialized
2025-06-06 11:27:53,848 - src.utils.logger - INFO - Log level: 20
2025-06-06 11:27:53,848 - src.utils.logger - INFO - Log file: data/logs/network_intelligence.log
2025-06-06 11:27:53,848 - __main__ - INFO - Initializing Enhanced Network Intelligence Monitor...
2025-06-06 11:27:53,850 - src.config - INFO - Loaded configuration from config.yaml
2025-06-06 11:27:53,850 - src.config - INFO - Configuration validation completed.
2025-06-06 11:27:53,850 - __main__ - INFO - Configuration loaded from: config.yaml
2025-06-06 11:27:53,850 - __main__ - INFO - NetworkQuality-RS enabled: False
2025-06-06 11:27:53,850 - __main__ - INFO - Detecting environment...
2025-06-06 11:27:53,851 - __main__ - INFO -   Platform: linux
2025-06-06 11:27:53,851 - __main__ - INFO -   Is container: True
2025-06-06 11:27:53,851 - __main__ - INFO -   Is cloud: False
2025-06-06 11:27:53,851 - __main__ - INFO -   Is edge device: False
2025-06-06 11:27:53,851 - __main__ - INFO -   Constraints: ['container_limits']
2025-06-06 11:27:53,852 - src.utils.database - INFO - Database tables created
2025-06-06 11:27:53,853 - src.utils.database - INFO - Database indexes created
2025-06-06 11:27:53,853 - src.utils.database - INFO - Database initialized: data/database/network_intelligence.db
2025-06-06 11:27:53,853 - __main__ - INFO - Ensured 'network_quality_rs_metrics' table exists.
2025-06-06 11:27:53,853 - __main__ - INFO - Database initialized: data/database/network_intelligence.db
2025-06-06 11:27:53,853 - src.collector - INFO - Enhanced network collector initialized
2025-06-06 11:27:53,853 - __main__ - INFO - Enhanced network collector initialized
2025-06-06 11:27:54,339 - src.lstm_auto - INFO - Enhanced LSTM anomaly detector initialized
2025-06-06 11:27:54,339 - ai - INFO - Model enhanced_lstm loaded from data/models
2025-06-06 11:27:54,339 - __main__ - INFO - Loaded existing AI models
2025-06-06 11:27:54,339 - __main__ - INFO - AI detection system initialized
2025-06-06 11:27:54,339 - __main__ - INFO - Mimir integration disabled or Mimir config missing.
2025-06-06 11:27:54,339 - src.alerts - INFO - Loaded 1 escalation rules
2025-06-06 11:27:54,339 - src.alerts - INFO - Alert management system started
2025-06-06 11:27:54,340 - __main__ - INFO - Alerting system initialized
2025-06-06 11:27:54,340 - src.dynamic_thresh - INFO - Initialized dynamic thresholds for 10 metrics
2025-06-06 11:27:54,340 - __main__ - INFO - Dynamic threshold management initialized
2025-06-06 11:27:54,341 - src.prom_export - INFO - Prometheus metrics server started on 0.0.0.0:8540
2025-06-06 11:27:54,341 - src.prom_export - INFO - Metrics aggregator started
2025-06-06 11:27:54,341 - __main__ - INFO - Prometheus metrics server configured on port 8540
2025-06-06 11:27:54,342 - __main__ - INFO - Enhanced API server initialized
2025-06-06 11:27:54,345 - websockets.server - INFO - server listening on 0.0.0.0:8001
2025-06-06 11:27:54,345 - src.websocket_server - INFO - WebSocket server started on ws://0.0.0.0:8001
2025-06-06 11:27:54,346 - __main__ - INFO - WebSocket server initialized and started on ws://0.0.0.0:8001
2025-06-06 11:27:54,346 - __main__ - INFO - NetworkQuality-RS monitoring is disabled in configuration.
2025-06-06 11:27:54,346 - __main__ - INFO - Edge optimization not enabled or deployment config missing.
2025-06-06 11:27:54,346 - __main__ - INFO - Integration verification setup completed.
2025-06-06 11:27:54,346 - __main__ - INFO - Enhanced Network Intelligence Monitor initialization complete
2025-06-06 11:27:54,346 - __main__ - INFO - Starting Enhanced Network Intelligence Monitor...
2025-06-06 11:27:54,346 - __main__ - INFO - Enhanced Network Intelligence Monitor started successfully
2025-06-06 11:27:54,346 - __main__ - INFO - === Enhanced Network Intelligence Monitor Started ===
2025-06-06 11:27:54,346 - __main__ - INFO - API Server: http://0.0.0.0:5000
2025-06-06 11:27:54,346 - __main__ - INFO - Metrics Export (for Alloy): http://0.0.0.0:8540/metrics
2025-06-06 11:27:54,346 - __main__ - INFO - WebSocket Server: ws://0.0.0.0:8001/ws
2025-06-06 11:27:54,346 - __main__ - INFO - Targets: 8.8.8.8, 1.1.1.1, google.com, github.com
2025-06-06 11:27:54,346 - __main__ - INFO - NetworkQuality-RS Monitoring: Disabled
2025-06-06 11:27:54,346 - __main__ - INFO - =====================================================
2025-06-06 11:27:54,347 - __main__ - INFO - Main (enhanced_collector) monitoring loop started
2025-06-06 11:28:08,381 - websockets.server - INFO - connection rejected (426 Upgrade Required)
2025-06-06 11:28:08,382 - websockets.server - ERROR - opening handshake failed
Traceback (most recent call last):
  File "/opt/network-monitor-ml/venv/lib/python3.12/site-packages/websockets/asyncio/server.py", line 356, in conn_handler
    await connection.handshake(
  File "/opt/network-monitor-ml/venv/lib/python3.12/site-packages/websockets/asyncio/server.py", line 207, in handshake
    raise self.protocol.handshake_exc
  File "/opt/network-monitor-ml/venv/lib/python3.12/site-packages/websockets/server.py", line 138, in accept
    ) = self.process_request(request)
        ^^^^^^^^^^^^^^^^^^^^^^^^^^^^^
  File "/opt/network-monitor-ml/venv/lib/python3.12/site-packages/websockets/server.py", line 233, in process_request
    raise InvalidUpgrade(
websockets.exceptions.InvalidUpgrade: missing Connection header
2025-06-06 11:28:12,773 - websockets.server - INFO - connection rejected (426 Upgrade Required)
2025-06-06 11:28:12,774 - websockets.server - ERROR - opening handshake failed
Traceback (most recent call last):
  File "/opt/network-monitor-ml/venv/lib/python3.12/site-packages/websockets/asyncio/server.py", line 356, in conn_handler
    await connection.handshake(
  File "/opt/network-monitor-ml/venv/lib/python3.12/site-packages/websockets/asyncio/server.py", line 207, in handshake
    raise self.protocol.handshake_exc
  File "/opt/network-monitor-ml/venv/lib/python3.12/site-packages/websockets/server.py", line 138, in accept
    ) = self.process_request(request)
        ^^^^^^^^^^^^^^^^^^^^^^^^^^^^^
  File "/opt/network-monitor-ml/venv/lib/python3.12/site-packages/websockets/server.py", line 233, in process_request
    raise InvalidUpgrade(
websockets.exceptions.InvalidUpgrade: missing Connection header
2025-06-06 11:28:14,792 - __main__ - INFO - Received signal SIGINT, initiating graceful shutdown...
2025-06-06 11:28:14,792 - __main__ - INFO - Stopping Enhanced Network Intelligence Monitor...
2025-06-06 11:28:14,792 - __main__ - INFO - API server task cancelled.
2025-06-06 11:28:14,793 - __main__ - INFO - Main monitoring loop cancelled.
2025-06-06 11:28:14,793 - __main__ - INFO - Main (enhanced_collector) monitoring loop stopped
2025-06-06 11:28:19,793 - src.prom_export - INFO - Metrics aggregator stopped
2025-06-06 11:28:19,793 - src.prom_export - INFO - Prometheus metrics server stopped
2025-06-06 11:28:19,794 - websockets.server - INFO - server closing
2025-06-06 11:28:19,794 - websockets.server - INFO - server closed
2025-06-06 11:28:19,794 - src.websocket_server - INFO - WebSocket server stopped
2025-06-06 11:28:19,795 - src.utils.database - INFO - Database connection closed
2025-06-06 11:28:19,795 - __main__ - INFO - AI models saved
2025-06-06 11:28:19,795 - __main__ - INFO - === Final Performance Report ===
2025-06-06 11:28:19,795 - __main__ - INFO - System Uptime: 0.01 hours
2025-06-06 11:28:19,796 - __main__ - INFO - Total Standard Measurements: 2
2025-06-06 11:28:19,796 - __main__ - INFO - Total NetworkQuality-RS Measurements: 0
2025-06-06 11:28:19,796 - __main__ - INFO - Anomalies Detected: 0
2025-06-06 11:28:19,796 - __main__ - INFO - Alerts Sent: 0
2025-06-06 11:28:19,796 - __main__ - INFO - Model Trainings: 0
2025-06-06 11:28:19,796 - __main__ - INFO - Baseline Updates: 0
2025-06-06 11:28:19,796 - __main__ - INFO - Average Collection Time: 0.00s
2025-06-06 11:28:19,796 - __main__ - INFO - Final Health Score: 100.0
2025-06-06 11:28:19,796 - __main__ - INFO - ================================
2025-06-06 11:28:19,796 - __main__ - INFO - Enhanced Network Intelligence Monitor stopped
2025-06-06 11:28:19,796 - __main__ - INFO - Monitor shutdown was initiated, ensuring cleanup.
2025-06-06 11:28:19,796 - __main__ - INFO - Application shutdown sequence complete.
2025-06-06 11:58:17,243 - src.utils.logger - INFO - Logging system initialized
2025-06-06 11:58:17,243 - src.utils.logger - INFO - Log level: 20
2025-06-06 11:58:17,243 - src.utils.logger - INFO - Log file: data/logs/network_intelligence.log
2025-06-06 11:58:17,243 - __main__ - INFO - Initializing Enhanced Network Intelligence Monitor...
2025-06-06 11:58:17,244 - src.config - INFO - Loaded configuration from config.yaml
2025-06-06 11:58:17,244 - src.config - INFO - Configuration validation completed.
2025-06-06 11:58:17,244 - __main__ - INFO - Configuration loaded from: config.yaml
2025-06-06 11:58:17,244 - __main__ - INFO - NetworkQuality-RS enabled: False
2025-06-06 11:58:17,244 - __main__ - INFO - Detecting environment...
2025-06-06 11:58:17,246 - __main__ - INFO -   Platform: linux
2025-06-06 11:58:17,246 - __main__ - INFO -   Is container: True
2025-06-06 11:58:17,246 - __main__ - INFO -   Is cloud: False
2025-06-06 11:58:17,246 - __main__ - INFO -   Is edge device: False
2025-06-06 11:58:17,246 - __main__ - INFO -   Constraints: ['container_limits']
2025-06-06 11:58:17,247 - src.utils.database - INFO - Database tables created
2025-06-06 11:58:17,247 - src.utils.database - INFO - Database indexes created
2025-06-06 11:58:17,247 - src.utils.database - INFO - Database initialized: data/database/network_intelligence.db
2025-06-06 11:58:17,247 - __main__ - INFO - Ensured 'network_quality_rs_metrics' table exists.
2025-06-06 11:58:17,247 - __main__ - INFO - Database initialized: data/database/network_intelligence.db
2025-06-06 11:58:17,247 - src.collector - INFO - Enhanced network collector initialized
2025-06-06 11:58:17,247 - __main__ - INFO - Enhanced network collector initialized
2025-06-06 11:58:17,740 - src.lstm_auto - INFO - Enhanced LSTM anomaly detector initialized
2025-06-06 11:58:17,740 - ai - INFO - Model enhanced_lstm loaded from data/models
2025-06-06 11:58:17,740 - __main__ - INFO - Loaded existing AI models
2025-06-06 11:58:17,740 - __main__ - INFO - AI detection system initialized
2025-06-06 11:58:17,740 - __main__ - INFO - Mimir integration disabled or Mimir config missing.
2025-06-06 11:58:17,740 - src.alerts - INFO - Loaded 1 escalation rules
2025-06-06 11:58:17,740 - src.alerts - INFO - Alert management system started
2025-06-06 11:58:17,740 - __main__ - INFO - Alerting system initialized
2025-06-06 11:58:17,741 - src.dynamic_thresh - INFO - Initialized dynamic thresholds for 10 metrics
2025-06-06 11:58:17,741 - __main__ - INFO - Dynamic threshold management initialized
2025-06-06 11:58:17,742 - src.prom_export - INFO - Prometheus metrics server started on 0.0.0.0:8540
2025-06-06 11:58:17,742 - src.prom_export - INFO - Metrics aggregator started
2025-06-06 11:58:17,742 - __main__ - INFO - Prometheus metrics server configured on port 8540
2025-06-06 11:58:17,743 - __main__ - INFO - Enhanced API server initialized
2025-06-06 11:58:17,747 - websockets.server - INFO - server listening on 0.0.0.0:8001
2025-06-06 11:58:17,747 - src.websocket_server - INFO - WebSocket server started on ws://0.0.0.0:8001
2025-06-06 11:58:17,747 - src.websocket_server - INFO - WebSocket endpoint: ws://0.0.0.0:8001/ws
2025-06-06 11:58:17,747 - src.websocket_server - INFO - Available channels: ['metrics', 'anomalies', 'alerts', 'health']
2025-06-06 11:58:17,748 - __main__ - INFO - WebSocket server initialized and started on ws://0.0.0.0:8001
2025-06-06 11:58:17,748 - __main__ - INFO - NetworkQuality-RS monitoring is disabled in configuration.
2025-06-06 11:58:17,748 - __main__ - INFO - Edge optimization not enabled or deployment config missing.
2025-06-06 11:58:17,748 - __main__ - INFO - Integration verification setup completed.
2025-06-06 11:58:17,748 - __main__ - INFO - Enhanced Network Intelligence Monitor initialization complete
2025-06-06 11:58:17,748 - __main__ - INFO - Starting Enhanced Network Intelligence Monitor...
2025-06-06 11:58:17,748 - __main__ - INFO - Enhanced Network Intelligence Monitor started successfully
2025-06-06 11:58:17,748 - __main__ - INFO - === Enhanced Network Intelligence Monitor Started ===
2025-06-06 11:58:17,748 - __main__ - INFO - API Server: http://0.0.0.0:5000
2025-06-06 11:58:17,748 - __main__ - INFO - Metrics Export (for Alloy): http://0.0.0.0:8540/metrics
2025-06-06 11:58:17,748 - __main__ - INFO - WebSocket Server: ws://0.0.0.0:8001/ws
2025-06-06 11:58:17,748 - __main__ - INFO - Targets: 8.8.8.8, 1.1.1.1, google.com, github.com
2025-06-06 11:58:17,748 - __main__ - INFO - NetworkQuality-RS Monitoring: Disabled
2025-06-06 11:58:17,748 - __main__ - INFO - =====================================================
2025-06-06 11:58:17,748 - __main__ - INFO - Main (enhanced_collector) monitoring loop started
2025-06-06 11:58:38,384 - src.websocket_server - WARNING - Non-WebSocket request to WebSocket endpoint from ('192.168.26.90', 55552): Path: /metrics, Headers: Connection=, Upgrade=
2025-06-06 11:58:38,384 - websockets.server - INFO - connection rejected (500 Internal Server Error)
2025-06-06 11:58:38,385 - websockets.server - ERROR - opening handshake failed
Traceback (most recent call last):
  File "/opt/network-monitor-ml/venv/lib/python3.12/site-packages/websockets/asyncio/server.py", line 356, in conn_handler
    await connection.handshake(
  File "/opt/network-monitor-ml/venv/lib/python3.12/site-packages/websockets/asyncio/server.py", line 207, in handshake
    raise self.protocol.handshake_exc
  File "/opt/network-monitor-ml/venv/lib/python3.12/site-packages/websockets/asyncio/server.py", line 149, in handshake
    response = await response
               ^^^^^^^^^^^^^^
  File "/opt/network-monitor-ml/src/websocket_server.py", line 115, in process_request
    response_body = self._create_info_page(request)
                    ^^^^^^^^^^^^^^^^^^^^^^^^^^^^^^^
  File "/opt/network-monitor-ml/src/websocket_server.py", line 209, in _create_info_page
    <p><small>Request details: {request.method} {request.path} from {request.headers.get('User-Agent', 'Unknown')}</small></p>
                                ^^^^^^^^^^^^^^
AttributeError: 'Request' object has no attribute 'method'
2025-06-06 11:58:42,775 - src.websocket_server - WARNING - Non-WebSocket request to WebSocket endpoint from ('192.168.26.90', 55556): Path: /metrics, Headers: Connection=, Upgrade=
2025-06-06 11:58:42,775 - websockets.server - INFO - connection rejected (500 Internal Server Error)
2025-06-06 11:58:42,776 - websockets.server - ERROR - opening handshake failed
Traceback (most recent call last):
  File "/opt/network-monitor-ml/venv/lib/python3.12/site-packages/websockets/asyncio/server.py", line 356, in conn_handler
    await connection.handshake(
  File "/opt/network-monitor-ml/venv/lib/python3.12/site-packages/websockets/asyncio/server.py", line 207, in handshake
    raise self.protocol.handshake_exc
  File "/opt/network-monitor-ml/venv/lib/python3.12/site-packages/websockets/asyncio/server.py", line 149, in handshake
    response = await response
               ^^^^^^^^^^^^^^
  File "/opt/network-monitor-ml/src/websocket_server.py", line 115, in process_request
    response_body = self._create_info_page(request)
                    ^^^^^^^^^^^^^^^^^^^^^^^^^^^^^^^
  File "/opt/network-monitor-ml/src/websocket_server.py", line 209, in _create_info_page
    <p><small>Request details: {request.method} {request.path} from {request.headers.get('User-Agent', 'Unknown')}</small></p>
                                ^^^^^^^^^^^^^^
AttributeError: 'Request' object has no attribute 'method'
2025-06-06 11:58:43,740 - __main__ - INFO - Received signal SIGINT, initiating graceful shutdown...
2025-06-06 11:58:43,740 - __main__ - INFO - Stopping Enhanced Network Intelligence Monitor...
2025-06-06 11:58:43,740 - __main__ - INFO - API server task cancelled.
2025-06-06 11:58:43,740 - __main__ - INFO - Main monitoring loop cancelled.
2025-06-06 11:58:43,741 - __main__ - INFO - Main (enhanced_collector) monitoring loop stopped
2025-06-06 11:58:47,742 - src.prom_export - INFO - Metrics aggregator stopped
2025-06-06 11:58:47,743 - src.prom_export - INFO - Prometheus metrics server stopped
2025-06-06 11:58:47,743 - src.websocket_server - INFO - Stopping WebSocket server...
2025-06-06 11:58:47,743 - __main__ - INFO - Received signal SIGINT, initiating graceful shutdown...
2025-06-06 11:58:47,743 - websockets.server - INFO - server closing
2025-06-06 11:58:47,743 - websockets.server - INFO - server closed
2025-06-06 11:58:47,743 - src.websocket_server - INFO - WebSocket server stopped
2025-06-06 11:58:47,748 - src.utils.database - INFO - Database connection closed
2025-06-06 11:58:47,748 - __main__ - INFO - AI models saved
2025-06-06 11:58:47,748 - __main__ - INFO - === Final Performance Report ===
2025-06-06 11:58:47,748 - __main__ - INFO - System Uptime: 0.01 hours
2025-06-06 11:58:47,748 - __main__ - INFO - Total Standard Measurements: 3
2025-06-06 11:58:47,748 - __main__ - INFO - Total NetworkQuality-RS Measurements: 0
2025-06-06 11:58:47,748 - __main__ - INFO - Anomalies Detected: 0
2025-06-06 11:58:47,748 - __main__ - INFO - Alerts Sent: 0
2025-06-06 11:58:47,748 - __main__ - INFO - Model Trainings: 0
2025-06-06 11:58:47,748 - __main__ - INFO - Baseline Updates: 0
2025-06-06 11:58:47,748 - __main__ - INFO - Average Collection Time: 0.00s
2025-06-06 11:58:47,748 - __main__ - INFO - Final Health Score: 100.0
2025-06-06 11:58:47,748 - __main__ - INFO - ================================
2025-06-06 11:58:47,748 - __main__ - INFO - Enhanced Network Intelligence Monitor stopped
2025-06-06 11:58:47,748 - __main__ - INFO - Monitor shutdown was initiated, ensuring cleanup.
2025-06-06 11:58:47,748 - __main__ - INFO - Application shutdown sequence complete.
2025-06-06 12:01:38,675 - src.utils.logger - INFO - Logging system initialized
2025-06-06 12:01:38,675 - src.utils.logger - INFO - Log level: 20
2025-06-06 12:01:38,675 - src.utils.logger - INFO - Log file: data/logs/network_intelligence.log
2025-06-06 12:01:38,675 - __main__ - INFO - Initializing Enhanced Network Intelligence Monitor...
2025-06-06 12:01:38,676 - src.config - INFO - Loaded configuration from config.yaml
2025-06-06 12:01:38,676 - src.config - INFO - Configuration validation completed.
2025-06-06 12:01:38,676 - __main__ - INFO - Configuration loaded from: config.yaml
2025-06-06 12:01:38,676 - __main__ - INFO - NetworkQuality-RS enabled: False
2025-06-06 12:01:38,676 - __main__ - INFO - Detecting environment...
2025-06-06 12:01:38,678 - __main__ - INFO -   Platform: linux
2025-06-06 12:01:38,678 - __main__ - INFO -   Is container: True
2025-06-06 12:01:38,678 - __main__ - INFO -   Is cloud: False
2025-06-06 12:01:38,678 - __main__ - INFO -   Is edge device: False
2025-06-06 12:01:38,678 - __main__ - INFO -   Constraints: ['container_limits']
2025-06-06 12:01:38,679 - src.utils.database - INFO - Database tables created
2025-06-06 12:01:38,679 - src.utils.database - INFO - Database indexes created
2025-06-06 12:01:38,679 - src.utils.database - INFO - Database initialized: data/database/network_intelligence.db
2025-06-06 12:01:38,679 - __main__ - INFO - Ensured 'network_quality_rs_metrics' table exists.
2025-06-06 12:01:38,679 - __main__ - INFO - Database initialized: data/database/network_intelligence.db
2025-06-06 12:01:38,680 - src.collector - INFO - Enhanced network collector initialized
2025-06-06 12:01:38,680 - __main__ - INFO - Enhanced network collector initialized
2025-06-06 12:01:39,170 - src.lstm_auto - INFO - Enhanced LSTM anomaly detector initialized
2025-06-06 12:01:39,170 - ai - INFO - Model enhanced_lstm loaded from data/models
2025-06-06 12:01:39,170 - __main__ - INFO - Loaded existing AI models
2025-06-06 12:01:39,170 - __main__ - INFO - AI detection system initialized
2025-06-06 12:01:39,170 - __main__ - INFO - Mimir integration disabled or Mimir config missing.
2025-06-06 12:01:39,170 - src.alerts - INFO - Loaded 1 escalation rules
2025-06-06 12:01:39,170 - src.alerts - INFO - Alert management system started
2025-06-06 12:01:39,170 - __main__ - INFO - Alerting system initialized
2025-06-06 12:01:39,170 - src.dynamic_thresh - INFO - Initialized dynamic thresholds for 10 metrics
2025-06-06 12:01:39,170 - __main__ - INFO - Dynamic threshold management initialized
2025-06-06 12:01:39,172 - src.prom_export - INFO - Prometheus metrics server started on 0.0.0.0:8540
2025-06-06 12:01:39,172 - src.prom_export - INFO - Metrics aggregator started
2025-06-06 12:01:39,172 - __main__ - INFO - Prometheus metrics server configured on port 8540
2025-06-06 12:01:39,173 - __main__ - INFO - Enhanced API server initialized
2025-06-06 12:01:39,176 - websockets.server - INFO - server listening on 0.0.0.0:8001
2025-06-06 12:01:39,176 - src.websocket_server - INFO - WebSocket server started on ws://0.0.0.0:8001
2025-06-06 12:01:39,176 - src.websocket_server - INFO - WebSocket endpoint: ws://0.0.0.0:8001/ws
2025-06-06 12:01:39,177 - src.websocket_server - INFO - Available channels: ['metrics', 'anomalies', 'alerts', 'health']
2025-06-06 12:01:39,177 - __main__ - INFO - WebSocket server initialized and started on ws://0.0.0.0:8001
2025-06-06 12:01:39,177 - __main__ - INFO - NetworkQuality-RS monitoring is disabled in configuration.
2025-06-06 12:01:39,177 - __main__ - INFO - Edge optimization not enabled or deployment config missing.
2025-06-06 12:01:39,177 - __main__ - INFO - Integration verification setup completed.
2025-06-06 12:01:39,177 - __main__ - INFO - Enhanced Network Intelligence Monitor initialization complete
2025-06-06 12:01:39,177 - __main__ - INFO - Starting Enhanced Network Intelligence Monitor...
2025-06-06 12:01:39,177 - __main__ - INFO - Enhanced Network Intelligence Monitor started successfully
2025-06-06 12:01:39,177 - __main__ - INFO - === Enhanced Network Intelligence Monitor Started ===
2025-06-06 12:01:39,177 - __main__ - INFO - API Server: http://0.0.0.0:5000
2025-06-06 12:01:39,177 - __main__ - INFO - Metrics Export (for Alloy): http://0.0.0.0:8540/metrics
2025-06-06 12:01:39,177 - __main__ - INFO - WebSocket Server: ws://0.0.0.0:8001/ws
2025-06-06 12:01:39,177 - __main__ - INFO - Targets: 8.8.8.8, 1.1.1.1, google.com, github.com
2025-06-06 12:01:39,177 - __main__ - INFO - NetworkQuality-RS Monitoring: Disabled
2025-06-06 12:01:39,177 - __main__ - INFO - =====================================================
2025-06-06 12:01:39,177 - __main__ - INFO - Main (enhanced_collector) monitoring loop started
2025-06-06 12:01:49,190 - src.websocket_server - WARNING - Non-WebSocket request to WebSocket endpoint from ('192.168.26.90', 43958): Path: /metrics, Headers: Connection=, Upgrade=
2025-06-06 12:01:49,190 - websockets.server - INFO - connection rejected (500 Internal Server Error)
2025-06-06 12:01:49,192 - websockets.server - ERROR - opening handshake failed
Traceback (most recent call last):
  File "/opt/network-monitor-ml/venv/lib/python3.12/site-packages/websockets/asyncio/server.py", line 356, in conn_handler
    await connection.handshake(
  File "/opt/network-monitor-ml/venv/lib/python3.12/site-packages/websockets/asyncio/server.py", line 207, in handshake
    raise self.protocol.handshake_exc
  File "/opt/network-monitor-ml/venv/lib/python3.12/site-packages/websockets/asyncio/server.py", line 149, in handshake
    response = await response
               ^^^^^^^^^^^^^^
  File "/opt/network-monitor-ml/src/websocket_server.py", line 115, in process_request
    response_body = self._create_info_page(request)
                    ^^^^^^^^^^^^^^^^^^^^^^^^^^^^^^^
  File "/opt/network-monitor-ml/src/websocket_server.py", line 209, in _create_info_page
    <p><small>Request details: {request.method} {request.path} from {request.headers.get('User-Agent', 'Unknown')}</small></p>
                                ^^^^^^^^^^^^^^
AttributeError: 'Request' object has no attribute 'method'
2025-06-06 12:02:12,778 - src.websocket_server - WARNING - Non-WebSocket request to WebSocket endpoint from ('192.168.26.90', 51628): Path: /metrics, Headers: Connection=, Upgrade=
2025-06-06 12:02:12,778 - websockets.server - INFO - connection rejected (500 Internal Server Error)
2025-06-06 12:02:12,779 - websockets.server - ERROR - opening handshake failed
Traceback (most recent call last):
  File "/opt/network-monitor-ml/venv/lib/python3.12/site-packages/websockets/asyncio/server.py", line 356, in conn_handler
    await connection.handshake(
  File "/opt/network-monitor-ml/venv/lib/python3.12/site-packages/websockets/asyncio/server.py", line 207, in handshake
    raise self.protocol.handshake_exc
  File "/opt/network-monitor-ml/venv/lib/python3.12/site-packages/websockets/asyncio/server.py", line 149, in handshake
    response = await response
               ^^^^^^^^^^^^^^
  File "/opt/network-monitor-ml/src/websocket_server.py", line 115, in process_request
    response_body = self._create_info_page(request)
                    ^^^^^^^^^^^^^^^^^^^^^^^^^^^^^^^
  File "/opt/network-monitor-ml/src/websocket_server.py", line 209, in _create_info_page
    <p><small>Request details: {request.method} {request.path} from {request.headers.get('User-Agent', 'Unknown')}</small></p>
                                ^^^^^^^^^^^^^^
AttributeError: 'Request' object has no attribute 'method'
2025-06-06 12:02:32,503 - src.websocket_server - WARNING - Non-WebSocket request to WebSocket endpoint from ('127.0.0.1', 36570): Path: /ws, Headers: Connection=, Upgrade=
2025-06-06 12:02:32,503 - websockets.server - INFO - connection rejected (500 Internal Server Error)
2025-06-06 12:02:32,503 - websockets.server - ERROR - opening handshake failed
Traceback (most recent call last):
  File "/opt/network-monitor-ml/venv/lib/python3.12/site-packages/websockets/asyncio/server.py", line 356, in conn_handler
    await connection.handshake(
  File "/opt/network-monitor-ml/venv/lib/python3.12/site-packages/websockets/asyncio/server.py", line 207, in handshake
    raise self.protocol.handshake_exc
  File "/opt/network-monitor-ml/venv/lib/python3.12/site-packages/websockets/asyncio/server.py", line 149, in handshake
    response = await response
               ^^^^^^^^^^^^^^
  File "/opt/network-monitor-ml/src/websocket_server.py", line 115, in process_request
    response_body = self._create_info_page(request)
                    ^^^^^^^^^^^^^^^^^^^^^^^^^^^^^^^
  File "/opt/network-monitor-ml/src/websocket_server.py", line 209, in _create_info_page
    <p><small>Request details: {request.method} {request.path} from {request.headers.get('User-Agent', 'Unknown')}</small></p>
                                ^^^^^^^^^^^^^^
AttributeError: 'Request' object has no attribute 'method'
2025-06-06 12:02:42,775 - src.websocket_server - WARNING - Non-WebSocket request to WebSocket endpoint from ('192.168.26.90', 34332): Path: /metrics, Headers: Connection=, Upgrade=
2025-06-06 12:02:42,776 - websockets.server - INFO - connection rejected (500 Internal Server Error)
2025-06-06 12:02:42,776 - websockets.server - ERROR - opening handshake failed
Traceback (most recent call last):
  File "/opt/network-monitor-ml/venv/lib/python3.12/site-packages/websockets/asyncio/server.py", line 356, in conn_handler
    await connection.handshake(
  File "/opt/network-monitor-ml/venv/lib/python3.12/site-packages/websockets/asyncio/server.py", line 207, in handshake
    raise self.protocol.handshake_exc
  File "/opt/network-monitor-ml/venv/lib/python3.12/site-packages/websockets/asyncio/server.py", line 149, in handshake
    response = await response
               ^^^^^^^^^^^^^^
  File "/opt/network-monitor-ml/src/websocket_server.py", line 115, in process_request
    response_body = self._create_info_page(request)
                    ^^^^^^^^^^^^^^^^^^^^^^^^^^^^^^^
  File "/opt/network-monitor-ml/src/websocket_server.py", line 209, in _create_info_page
    <p><small>Request details: {request.method} {request.path} from {request.headers.get('User-Agent', 'Unknown')}</small></p>
                                ^^^^^^^^^^^^^^
AttributeError: 'Request' object has no attribute 'method'
2025-06-06 12:03:21,488 - src.utils.logger - INFO - Logging system initialized
2025-06-06 12:03:21,488 - src.utils.logger - INFO - Log level: 20
2025-06-06 12:03:21,488 - src.utils.logger - INFO - Log file: data/logs/network_intelligence.log
2025-06-06 12:03:21,488 - __main__ - INFO - Initializing Enhanced Network Intelligence Monitor...
2025-06-06 12:03:21,489 - src.config - INFO - Loaded configuration from config.yaml
2025-06-06 12:03:21,490 - src.config - INFO - Configuration validation completed.
2025-06-06 12:03:21,490 - __main__ - INFO - Configuration loaded from: config.yaml
2025-06-06 12:03:21,490 - __main__ - INFO - NetworkQuality-RS enabled: False
2025-06-06 12:03:21,490 - __main__ - INFO - Detecting environment...
2025-06-06 12:03:21,491 - __main__ - INFO -   Platform: linux
2025-06-06 12:03:21,491 - __main__ - INFO -   Is container: True
2025-06-06 12:03:21,491 - __main__ - INFO -   Is cloud: False
2025-06-06 12:03:21,491 - __main__ - INFO -   Is edge device: False
2025-06-06 12:03:21,491 - __main__ - INFO -   Constraints: ['container_limits']
2025-06-06 12:03:21,492 - src.utils.database - INFO - Database tables created
2025-06-06 12:03:21,492 - src.utils.database - INFO - Database indexes created
2025-06-06 12:03:21,492 - src.utils.database - INFO - Database initialized: data/database/network_intelligence.db
2025-06-06 12:03:21,492 - __main__ - INFO - Ensured 'network_quality_rs_metrics' table exists.
2025-06-06 12:03:21,492 - __main__ - INFO - Database initialized: data/database/network_intelligence.db
2025-06-06 12:03:21,492 - src.collector - INFO - Enhanced network collector initialized
2025-06-06 12:03:21,492 - __main__ - INFO - Enhanced network collector initialized
2025-06-06 12:03:21,977 - src.lstm_auto - INFO - Enhanced LSTM anomaly detector initialized
2025-06-06 12:03:21,977 - ai - INFO - Model enhanced_lstm loaded from data/models
2025-06-06 12:03:21,977 - __main__ - INFO - Loaded existing AI models
2025-06-06 12:03:21,977 - __main__ - INFO - AI detection system initialized
2025-06-06 12:03:21,977 - __main__ - INFO - Mimir integration disabled or Mimir config missing.
2025-06-06 12:03:21,977 - src.alerts - INFO - Loaded 1 escalation rules
2025-06-06 12:03:21,978 - src.alerts - INFO - Alert management system started
2025-06-06 12:03:21,978 - __main__ - INFO - Alerting system initialized
2025-06-06 12:03:21,978 - src.dynamic_thresh - INFO - Initialized dynamic thresholds for 10 metrics
2025-06-06 12:03:21,978 - __main__ - INFO - Dynamic threshold management initialized
2025-06-06 12:03:21,979 - src.prom_export - INFO - Prometheus metrics server started on 0.0.0.0:8540
2025-06-06 12:03:21,979 - src.prom_export - INFO - Metrics aggregator started
2025-06-06 12:03:21,979 - __main__ - INFO - Prometheus metrics server configured on port 8540
2025-06-06 12:03:21,980 - __main__ - INFO - Enhanced API server initialized
2025-06-06 12:03:21,983 - websockets.server - INFO - server listening on 0.0.0.0:8001
2025-06-06 12:03:21,984 - src.websocket_server - INFO - WebSocket server started on ws://0.0.0.0:8001
2025-06-06 12:03:21,984 - src.websocket_server - INFO - WebSocket endpoint: ws://0.0.0.0:8001/ws
2025-06-06 12:03:21,984 - src.websocket_server - INFO - Available channels: ['metrics', 'anomalies', 'alerts', 'health']
2025-06-06 12:03:21,984 - __main__ - INFO - WebSocket server initialized and started on ws://0.0.0.0:8001
2025-06-06 12:03:21,984 - __main__ - INFO - NetworkQuality-RS monitoring is disabled in configuration.
2025-06-06 12:03:21,984 - __main__ - INFO - Edge optimization not enabled or deployment config missing.
2025-06-06 12:03:21,984 - __main__ - INFO - Integration verification setup completed.
2025-06-06 12:03:21,984 - __main__ - INFO - Enhanced Network Intelligence Monitor initialization complete
2025-06-06 12:03:21,984 - __main__ - INFO - Starting Enhanced Network Intelligence Monitor...
2025-06-06 12:03:21,984 - __main__ - INFO - Enhanced Network Intelligence Monitor started successfully
2025-06-06 12:03:21,984 - __main__ - INFO - === Enhanced Network Intelligence Monitor Started ===
2025-06-06 12:03:21,985 - __main__ - INFO - API Server: http://0.0.0.0:5000
2025-06-06 12:03:21,985 - __main__ - INFO - Metrics Export (for Alloy): http://0.0.0.0:8540/metrics
2025-06-06 12:03:21,985 - __main__ - INFO - WebSocket Server: ws://0.0.0.0:8001/ws
2025-06-06 12:03:21,985 - __main__ - INFO - Targets: 8.8.8.8, 1.1.1.1, google.com, github.com
2025-06-06 12:03:21,985 - __main__ - INFO - NetworkQuality-RS Monitoring: Disabled
2025-06-06 12:03:21,985 - __main__ - INFO - =====================================================
2025-06-06 12:03:21,985 - __main__ - INFO - Main (enhanced_collector) monitoring loop started
2025-06-06 12:03:49,453 - src.websocket_server - WARNING - Non-WebSocket request to WebSocket endpoint from ('127.0.0.1', 56574): Path: /ws, Headers: Connection=, Upgrade=
2025-06-06 12:03:49,453 - websockets.server - INFO - connection rejected (500 Internal Server Error)
2025-06-06 12:03:49,454 - websockets.server - ERROR - opening handshake failed
Traceback (most recent call last):
  File "/opt/network-monitor-ml/venv/lib/python3.12/site-packages/websockets/asyncio/server.py", line 356, in conn_handler
    await connection.handshake(
  File "/opt/network-monitor-ml/venv/lib/python3.12/site-packages/websockets/asyncio/server.py", line 207, in handshake
    raise self.protocol.handshake_exc
  File "/opt/network-monitor-ml/venv/lib/python3.12/site-packages/websockets/asyncio/server.py", line 149, in handshake
    response = await response
               ^^^^^^^^^^^^^^
  File "/opt/network-monitor-ml/src/websocket_server.py", line 115, in process_request
    response_body = self._create_info_page(request)
                    ^^^^^^^^^^^^^^^^^^^^^^^^^^^^^^^
  File "/opt/network-monitor-ml/src/websocket_server.py", line 209, in _create_info_page
    <p><small>Request details: {request.method} {request.path} from {request.headers.get('User-Agent', 'Unknown')}</small></p>
                                ^^^^^^^^^^^^^^
AttributeError: 'Request' object has no attribute 'method'
2025-06-06 12:05:07,393 - src.utils.logger - INFO - Logging system initialized
2025-06-06 12:05:07,393 - src.utils.logger - INFO - Log level: 20
2025-06-06 12:05:07,393 - src.utils.logger - INFO - Log file: data/logs/network_intelligence.log
2025-06-06 12:05:07,393 - __main__ - INFO - Initializing Enhanced Network Intelligence Monitor...
2025-06-06 12:05:07,395 - src.config - INFO - Loaded configuration from config.yaml
2025-06-06 12:05:07,395 - src.config - INFO - Configuration validation completed.
2025-06-06 12:05:07,395 - __main__ - INFO - Configuration loaded from: config.yaml
2025-06-06 12:05:07,395 - __main__ - INFO - NetworkQuality-RS enabled: False
2025-06-06 12:05:07,395 - __main__ - INFO - Detecting environment...
2025-06-06 12:05:07,396 - __main__ - INFO -   Platform: linux
2025-06-06 12:05:07,396 - __main__ - INFO -   Is container: True
2025-06-06 12:05:07,396 - __main__ - INFO -   Is cloud: False
2025-06-06 12:05:07,396 - __main__ - INFO -   Is edge device: False
2025-06-06 12:05:07,396 - __main__ - INFO -   Constraints: ['container_limits']
2025-06-06 12:05:07,397 - src.utils.database - INFO - Database tables created
2025-06-06 12:05:07,398 - src.utils.database - INFO - Database indexes created
2025-06-06 12:05:07,398 - src.utils.database - INFO - Database initialized: data/database/network_intelligence.db
2025-06-06 12:05:07,398 - __main__ - INFO - Ensured 'network_quality_rs_metrics' table exists.
2025-06-06 12:05:07,398 - __main__ - INFO - Database initialized: data/database/network_intelligence.db
2025-06-06 12:05:07,398 - src.collector - INFO - Enhanced network collector initialized
2025-06-06 12:05:07,398 - __main__ - INFO - Enhanced network collector initialized
2025-06-06 12:05:07,898 - src.lstm_auto - INFO - Enhanced LSTM anomaly detector initialized
2025-06-06 12:05:07,898 - ai - INFO - Model enhanced_lstm loaded from data/models
2025-06-06 12:05:07,898 - __main__ - INFO - Loaded existing AI models
2025-06-06 12:05:07,898 - __main__ - INFO - AI detection system initialized
2025-06-06 12:05:07,898 - __main__ - INFO - Mimir integration disabled or Mimir config missing.
2025-06-06 12:05:07,898 - src.alerts - INFO - Loaded 1 escalation rules
2025-06-06 12:05:07,899 - src.alerts - INFO - Alert management system started
2025-06-06 12:05:07,899 - __main__ - INFO - Alerting system initialized
2025-06-06 12:05:07,899 - src.dynamic_thresh - INFO - Initialized dynamic thresholds for 10 metrics
2025-06-06 12:05:07,899 - __main__ - INFO - Dynamic threshold management initialized
2025-06-06 12:05:07,900 - src.prom_export - INFO - Prometheus metrics server started on 0.0.0.0:8540
2025-06-06 12:05:07,900 - src.prom_export - INFO - Metrics aggregator started
2025-06-06 12:05:07,900 - __main__ - INFO - Prometheus metrics server configured on port 8540
2025-06-06 12:05:07,901 - __main__ - INFO - Enhanced API server initialized
2025-06-06 12:05:07,905 - websockets.server - INFO - server listening on 0.0.0.0:8001
2025-06-06 12:05:07,905 - src.websocket_server - INFO - WebSocket server started on ws://0.0.0.0:8001
2025-06-06 12:05:07,905 - src.websocket_server - INFO - WebSocket endpoint: ws://0.0.0.0:8001/ws
2025-06-06 12:05:07,905 - src.websocket_server - INFO - Available channels: ['metrics', 'anomalies', 'alerts', 'health']
2025-06-06 12:05:07,905 - __main__ - INFO - WebSocket server initialized and started on ws://0.0.0.0:8001
2025-06-06 12:05:07,905 - __main__ - INFO - NetworkQuality-RS monitoring is disabled in configuration.
2025-06-06 12:05:07,905 - __main__ - INFO - Edge optimization not enabled or deployment config missing.
2025-06-06 12:05:07,905 - __main__ - INFO - Integration verification setup completed.
2025-06-06 12:05:07,905 - __main__ - INFO - Enhanced Network Intelligence Monitor initialization complete
2025-06-06 12:05:07,905 - __main__ - INFO - Starting Enhanced Network Intelligence Monitor...
2025-06-06 12:05:07,905 - __main__ - INFO - Enhanced Network Intelligence Monitor started successfully
2025-06-06 12:05:07,906 - __main__ - INFO - === Enhanced Network Intelligence Monitor Started ===
2025-06-06 12:05:07,906 - __main__ - INFO - API Server: http://0.0.0.0:5000
2025-06-06 12:05:07,906 - __main__ - INFO - Metrics Export (for Alloy): http://0.0.0.0:8540/metrics
2025-06-06 12:05:07,906 - __main__ - INFO - WebSocket Server: ws://0.0.0.0:8001/ws
2025-06-06 12:05:07,906 - __main__ - INFO - Targets: 8.8.8.8, 1.1.1.1, google.com, github.com
2025-06-06 12:05:07,906 - __main__ - INFO - NetworkQuality-RS Monitoring: Disabled
2025-06-06 12:05:07,906 - __main__ - INFO - =====================================================
2025-06-06 12:05:07,906 - __main__ - INFO - Main (enhanced_collector) monitoring loop started
2025-06-06 12:05:25,780 - src.websocket_server - WARNING - Non-WebSocket request to WebSocket endpoint from ('127.0.0.1', 59810): Path: /ws, Headers: Connection=, Upgrade=
2025-06-06 12:05:25,780 - websockets.server - INFO - connection rejected (500 Internal Server Error)
2025-06-06 12:05:25,780 - websockets.server - ERROR - opening handshake failed
Traceback (most recent call last):
  File "/opt/network-monitor-ml/venv/lib/python3.12/site-packages/websockets/asyncio/server.py", line 356, in conn_handler
    await connection.handshake(
  File "/opt/network-monitor-ml/venv/lib/python3.12/site-packages/websockets/asyncio/server.py", line 207, in handshake
    raise self.protocol.handshake_exc
  File "/opt/network-monitor-ml/venv/lib/python3.12/site-packages/websockets/asyncio/server.py", line 149, in handshake
    response = await response
               ^^^^^^^^^^^^^^
  File "/opt/network-monitor-ml/src/websocket_server.py", line 115, in process_request
    response_body = self._create_info_page(request)
                    ^^^^^^^^^^^^^^^^^^^^^^^^^^^^^^^
  File "/opt/network-monitor-ml/src/websocket_server.py", line 209, in _create_info_page
    <p><small>Request details: {request.method} {request.path} from {request.headers.get('User-Agent', 'Unknown')}</small></p>
                                ^^^^^^^^^^^^^^
AttributeError: 'Request' object has no attribute 'method'
2025-06-06 12:10:05,973 - __main__ - INFO - Received signal SIGINT, initiating graceful shutdown...
2025-06-06 12:10:05,973 - __main__ - INFO - Stopping Enhanced Network Intelligence Monitor...
2025-06-06 12:10:05,973 - __main__ - INFO - API server task cancelled.
2025-06-06 12:10:05,973 - __main__ - INFO - Main monitoring loop cancelled.
2025-06-06 12:10:05,973 - __main__ - INFO - Main (enhanced_collector) monitoring loop stopped
2025-06-06 12:10:07,904 - src.prom_export - INFO - Metrics aggregator stopped
2025-06-06 12:10:07,904 - src.prom_export - INFO - Prometheus metrics server stopped
2025-06-06 12:10:07,904 - src.websocket_server - INFO - Stopping WebSocket server...
2025-06-06 12:10:07,904 - websockets.server - INFO - server closing
2025-06-06 12:10:07,905 - websockets.server - INFO - server closed
2025-06-06 12:10:07,905 - src.websocket_server - INFO - WebSocket server stopped
2025-06-06 12:10:07,909 - src.utils.database - INFO - Database connection closed
2025-06-06 12:10:07,909 - __main__ - INFO - AI models saved
2025-06-06 12:10:07,909 - __main__ - INFO - === Final Performance Report ===
2025-06-06 12:10:07,909 - __main__ - INFO - System Uptime: 0.08 hours
2025-06-06 12:10:07,909 - __main__ - INFO - Total Standard Measurements: 11
2025-06-06 12:10:07,909 - __main__ - INFO - Total NetworkQuality-RS Measurements: 0
2025-06-06 12:10:07,909 - __main__ - INFO - Anomalies Detected: 0
2025-06-06 12:10:07,909 - __main__ - INFO - Alerts Sent: 0
2025-06-06 12:10:07,909 - __main__ - INFO - Model Trainings: 0
2025-06-06 12:10:07,909 - __main__ - INFO - Baseline Updates: 0
2025-06-06 12:10:07,909 - __main__ - INFO - Average Collection Time: 0.00s
2025-06-06 12:10:07,910 - __main__ - INFO - Final Health Score: 100.0
2025-06-06 12:10:07,910 - __main__ - INFO - ================================
2025-06-06 12:10:07,910 - __main__ - INFO - Enhanced Network Intelligence Monitor stopped
2025-06-06 12:10:07,910 - __main__ - INFO - Monitor shutdown was initiated, ensuring cleanup.
2025-06-06 12:10:07,910 - __main__ - INFO - Application shutdown sequence complete.
2025-06-06 12:16:41,889 - src.utils.logger - INFO - Logging system initialized
2025-06-06 12:16:41,889 - src.utils.logger - INFO - Log level: 20
2025-06-06 12:16:41,889 - src.utils.logger - INFO - Log file: data/logs/network_intelligence.log
2025-06-06 12:16:41,889 - __main__ - INFO - Initializing Enhanced Network Intelligence Monitor...
2025-06-06 12:16:41,890 - src.config - INFO - Loaded configuration from config.yaml
2025-06-06 12:16:41,890 - src.config - INFO - Configuration validation completed.
2025-06-06 12:16:41,890 - __main__ - INFO - Configuration loaded from: config.yaml
2025-06-06 12:16:41,890 - __main__ - INFO - NetworkQuality-RS enabled: False
2025-06-06 12:16:41,890 - __main__ - INFO - Detecting environment...
2025-06-06 12:16:41,891 - __main__ - INFO -   Platform: linux
2025-06-06 12:16:41,891 - __main__ - INFO -   Is container: True
2025-06-06 12:16:41,891 - __main__ - INFO -   Is cloud: False
2025-06-06 12:16:41,891 - __main__ - INFO -   Is edge device: False
2025-06-06 12:16:41,891 - __main__ - INFO -   Constraints: ['container_limits']
2025-06-06 12:16:41,892 - src.utils.database - INFO - Database tables created
2025-06-06 12:16:41,893 - src.utils.database - INFO - Database indexes created
2025-06-06 12:16:41,893 - src.utils.database - INFO - Database initialized: data/database/network_intelligence.db
2025-06-06 12:16:41,893 - __main__ - INFO - Ensured 'network_quality_rs_metrics' table exists.
2025-06-06 12:16:41,893 - __main__ - INFO - Database initialized: data/database/network_intelligence.db
2025-06-06 12:16:41,893 - src.collector - INFO - Enhanced network collector initialized
2025-06-06 12:16:41,893 - __main__ - INFO - Enhanced network collector initialized
2025-06-06 12:16:42,377 - src.lstm_auto - INFO - Enhanced LSTM anomaly detector initialized
2025-06-06 12:16:42,377 - ai - INFO - Model enhanced_lstm loaded from data/models
2025-06-06 12:16:42,377 - __main__ - INFO - Loaded existing AI models
2025-06-06 12:16:42,377 - __main__ - INFO - AI detection system initialized
2025-06-06 12:16:42,377 - __main__ - INFO - Mimir integration disabled or Mimir config missing.
2025-06-06 12:16:42,377 - src.alerts - INFO - Loaded 1 escalation rules
2025-06-06 12:16:42,377 - src.alerts - INFO - Alert management system started
2025-06-06 12:16:42,377 - __main__ - INFO - Alerting system initialized
2025-06-06 12:16:42,377 - src.dynamic_thresh - INFO - Initialized dynamic thresholds for 10 metrics
2025-06-06 12:16:42,377 - __main__ - INFO - Dynamic threshold management initialized
2025-06-06 12:16:42,378 - src.prom_export - INFO - Prometheus metrics server started on 0.0.0.0:8540
2025-06-06 12:16:42,379 - src.prom_export - INFO - Metrics aggregator started
2025-06-06 12:16:42,379 - __main__ - INFO - Prometheus metrics server configured on port 8540
2025-06-06 12:16:42,380 - __main__ - INFO - Enhanced API server initialized
2025-06-06 12:16:42,383 - websockets.server - INFO - server listening on 0.0.0.0:8001
2025-06-06 12:16:42,383 - src.websocket_server - INFO - WebSocket server started on ws://0.0.0.0:8001
2025-06-06 12:16:42,383 - src.websocket_server - INFO - WebSocket endpoint: ws://0.0.0.0:8001/ws
2025-06-06 12:16:42,383 - src.websocket_server - INFO - Available channels: ['metrics', 'anomalies', 'alerts', 'health']
2025-06-06 12:16:42,383 - __main__ - INFO - WebSocket server initialized and started on ws://0.0.0.0:8001
2025-06-06 12:16:42,383 - __main__ - INFO - NetworkQuality-RS monitoring is disabled in configuration.
2025-06-06 12:16:42,383 - __main__ - INFO - Edge optimization not enabled or deployment config missing.
2025-06-06 12:16:42,384 - __main__ - INFO - Integration verification setup completed.
2025-06-06 12:16:42,384 - __main__ - INFO - Enhanced Network Intelligence Monitor initialization complete
2025-06-06 12:16:42,384 - __main__ - INFO - Starting Enhanced Network Intelligence Monitor...
2025-06-06 12:16:42,384 - __main__ - INFO - Enhanced Network Intelligence Monitor started successfully
2025-06-06 12:16:42,384 - __main__ - INFO - === Enhanced Network Intelligence Monitor Started ===
2025-06-06 12:16:42,384 - __main__ - INFO - API Server: http://0.0.0.0:5000
2025-06-06 12:16:42,384 - __main__ - INFO - Metrics Export (for Alloy): http://0.0.0.0:8540/metrics
2025-06-06 12:16:42,384 - __main__ - INFO - WebSocket Server: ws://0.0.0.0:8001/ws
2025-06-06 12:16:42,384 - __main__ - INFO - Targets: 8.8.8.8, 1.1.1.1, google.com, github.com
2025-06-06 12:16:42,384 - __main__ - INFO - NetworkQuality-RS Monitoring: Disabled
2025-06-06 12:16:42,384 - __main__ - INFO - =====================================================
2025-06-06 12:16:42,384 - __main__ - INFO - Main (enhanced_collector) monitoring loop started
2025-06-06 12:18:07,094 - __main__ - INFO - Received signal SIGINT, initiating graceful shutdown...
2025-06-06 12:18:07,094 - __main__ - INFO - Stopping Enhanced Network Intelligence Monitor...
2025-06-06 12:18:07,094 - __main__ - INFO - API server task cancelled.
2025-06-06 12:18:07,095 - __main__ - INFO - Main monitoring loop cancelled.
2025-06-06 12:18:07,095 - __main__ - INFO - Main (enhanced_collector) monitoring loop stopped
2025-06-06 12:18:12,095 - src.prom_export - INFO - Metrics aggregator stopped
2025-06-06 12:18:12,095 - src.prom_export - INFO - Prometheus metrics server stopped
2025-06-06 12:18:12,096 - src.websocket_server - INFO - Stopping WebSocket server...
2025-06-06 12:18:12,096 - websockets.server - INFO - server closing
2025-06-06 12:18:12,096 - websockets.server - INFO - server closed
2025-06-06 12:18:12,096 - src.websocket_server - INFO - WebSocket server stopped
2025-06-06 12:18:12,097 - src.utils.database - INFO - Database connection closed
2025-06-06 12:18:12,097 - __main__ - INFO - AI models saved
2025-06-06 12:18:12,097 - __main__ - INFO - === Final Performance Report ===
2025-06-06 12:18:12,097 - __main__ - INFO - System Uptime: 0.03 hours
2025-06-06 12:18:12,097 - __main__ - INFO - Total Standard Measurements: 3
2025-06-06 12:18:12,097 - __main__ - INFO - Total NetworkQuality-RS Measurements: 0
2025-06-06 12:18:12,097 - __main__ - INFO - Anomalies Detected: 0
2025-06-06 12:18:12,097 - __main__ - INFO - Alerts Sent: 0
2025-06-06 12:18:12,097 - __main__ - INFO - Model Trainings: 0
2025-06-06 12:18:12,097 - __main__ - INFO - Baseline Updates: 0
2025-06-06 12:18:12,097 - __main__ - INFO - Average Collection Time: 0.00s
2025-06-06 12:18:12,097 - __main__ - INFO - Final Health Score: 100.0
2025-06-06 12:18:12,097 - __main__ - INFO - ================================
2025-06-06 12:18:12,097 - __main__ - INFO - Enhanced Network Intelligence Monitor stopped
2025-06-06 12:18:12,097 - __main__ - INFO - Monitor shutdown was initiated, ensuring cleanup.
2025-06-06 12:18:12,097 - __main__ - INFO - Application shutdown sequence complete.
2025-06-06 12:20:10,768 - src.utils.logger - INFO - Logging system initialized
2025-06-06 12:20:10,768 - src.utils.logger - INFO - Log level: 20
2025-06-06 12:20:10,768 - src.utils.logger - INFO - Log file: data/logs/network_intelligence.log
2025-06-06 12:20:10,768 - __main__ - INFO - Initializing Enhanced Network Intelligence Monitor...
2025-06-06 12:20:10,770 - src.config - INFO - Loaded configuration from config.yaml
2025-06-06 12:20:10,770 - src.config - INFO - Configuration validation completed.
2025-06-06 12:20:10,770 - __main__ - INFO - Configuration loaded from: config.yaml
2025-06-06 12:20:10,770 - __main__ - INFO - NetworkQuality-RS enabled: False
2025-06-06 12:20:10,770 - __main__ - INFO - Detecting environment...
2025-06-06 12:20:10,771 - __main__ - INFO -   Platform: linux
2025-06-06 12:20:10,771 - __main__ - INFO -   Is container: True
2025-06-06 12:20:10,771 - __main__ - INFO -   Is cloud: False
2025-06-06 12:20:10,771 - __main__ - INFO -   Is edge device: False
2025-06-06 12:20:10,771 - __main__ - INFO -   Constraints: ['container_limits']
2025-06-06 12:20:10,772 - src.utils.database - INFO - Database tables created
2025-06-06 12:20:10,773 - src.utils.database - INFO - Database indexes created
2025-06-06 12:20:10,773 - src.utils.database - INFO - Database initialized: data/database/network_intelligence.db
2025-06-06 12:20:10,773 - __main__ - INFO - Ensured 'network_quality_rs_metrics' table exists.
2025-06-06 12:20:10,773 - __main__ - INFO - Database initialized: data/database/network_intelligence.db
2025-06-06 12:20:10,773 - src.collector - INFO - Enhanced network collector initialized
2025-06-06 12:20:10,773 - __main__ - INFO - Enhanced network collector initialized
2025-06-06 12:20:11,262 - src.lstm_auto - INFO - Enhanced LSTM anomaly detector initialized
2025-06-06 12:20:11,262 - ai - INFO - Model enhanced_lstm loaded from data/models
2025-06-06 12:20:11,262 - __main__ - INFO - Loaded existing AI models
2025-06-06 12:20:11,262 - __main__ - INFO - AI detection system initialized
2025-06-06 12:20:11,262 - __main__ - INFO - Mimir integration disabled or Mimir config missing.
2025-06-06 12:20:11,262 - src.alerts - INFO - Loaded 1 escalation rules
2025-06-06 12:20:11,262 - src.alerts - INFO - Alert management system started
2025-06-06 12:20:11,262 - __main__ - INFO - Alerting system initialized
2025-06-06 12:20:11,262 - src.dynamic_thresh - INFO - Initialized dynamic thresholds for 10 metrics
2025-06-06 12:20:11,262 - __main__ - INFO - Dynamic threshold management initialized
2025-06-06 12:20:11,263 - src.prom_export - INFO - Prometheus metrics server started on 0.0.0.0:8540
2025-06-06 12:20:11,264 - src.prom_export - INFO - Metrics aggregator started
2025-06-06 12:20:11,264 - __main__ - INFO - Prometheus metrics server configured on port 8540
2025-06-06 12:20:11,265 - __main__ - INFO - Enhanced API server initialized
2025-06-06 12:20:11,268 - websockets.server - INFO - server listening on 0.0.0.0:8001
2025-06-06 12:20:11,268 - src.websocket_server - INFO - WebSocket server started on ws://0.0.0.0:8001
2025-06-06 12:20:11,268 - src.websocket_server - INFO - WebSocket endpoint: ws://0.0.0.0:8001/ws
2025-06-06 12:20:11,268 - src.websocket_server - INFO - Available channels: ['metrics', 'anomalies', 'alerts', 'health']
2025-06-06 12:20:11,268 - __main__ - INFO - WebSocket server initialized and started on ws://0.0.0.0:8001
2025-06-06 12:20:11,268 - __main__ - INFO - NetworkQuality-RS monitoring is disabled in configuration.
2025-06-06 12:20:11,268 - __main__ - INFO - Edge optimization not enabled or deployment config missing.
2025-06-06 12:20:11,268 - __main__ - INFO - Integration verification setup completed.
2025-06-06 12:20:11,268 - __main__ - INFO - Enhanced Network Intelligence Monitor initialization complete
2025-06-06 12:20:11,268 - __main__ - INFO - Starting Enhanced Network Intelligence Monitor...
2025-06-06 12:20:11,269 - __main__ - INFO - Enhanced Network Intelligence Monitor started successfully
2025-06-06 12:20:11,269 - __main__ - INFO - === Enhanced Network Intelligence Monitor Started ===
2025-06-06 12:20:11,269 - __main__ - INFO - API Server: http://0.0.0.0:5000
2025-06-06 12:20:11,269 - __main__ - INFO - Metrics Export (for Alloy): http://0.0.0.0:8540/metrics
2025-06-06 12:20:11,269 - __main__ - INFO - WebSocket Server: ws://0.0.0.0:8001/ws
2025-06-06 12:20:11,269 - __main__ - INFO - Targets: 8.8.8.8, 1.1.1.1, google.com, github.com
2025-06-06 12:20:11,269 - __main__ - INFO - NetworkQuality-RS Monitoring: Disabled
2025-06-06 12:20:11,269 - __main__ - INFO - =====================================================
2025-06-06 12:20:11,269 - __main__ - INFO - Main (enhanced_collector) monitoring loop started
2025-06-06 12:21:49,683 - websockets.server - INFO - connection open
2025-06-06 12:21:49,683 - websockets.server - ERROR - connection handler failed
Traceback (most recent call last):
  File "/opt/network-monitor-ml/venv/lib/python3.12/site-packages/websockets/asyncio/server.py", line 376, in conn_handler
    await self.handler(connection)
          ^^^^^^^^^^^^^^^^^^^^^^^^
TypeError: WebSocketManager.handle_client() missing 1 required positional argument: 'path'
2025-06-06 12:32:39,966 - src.utils.logger - INFO - Logging system initialized
2025-06-06 12:32:39,966 - src.utils.logger - INFO - Log level: 20
2025-06-06 12:32:39,966 - src.utils.logger - INFO - Log file: data/logs/network_intelligence.log
2025-06-06 12:32:39,966 - __main__ - INFO - Initializing Enhanced Network Intelligence Monitor...
2025-06-06 12:32:39,967 - src.config - INFO - Loaded configuration from config.yaml
2025-06-06 12:32:39,967 - src.config - INFO - Configuration validation completed.
2025-06-06 12:32:39,967 - __main__ - INFO - Configuration loaded from: config.yaml
2025-06-06 12:32:39,967 - __main__ - INFO - NetworkQuality-RS enabled: False
2025-06-06 12:32:39,967 - __main__ - INFO - Detecting environment...
2025-06-06 12:32:39,968 - __main__ - INFO -   Platform: linux
2025-06-06 12:32:39,969 - __main__ - INFO -   Is container: True
2025-06-06 12:32:39,969 - __main__ - INFO -   Is cloud: False
2025-06-06 12:32:39,969 - __main__ - INFO -   Is edge device: False
2025-06-06 12:32:39,969 - __main__ - INFO -   Constraints: ['container_limits']
2025-06-06 12:32:39,970 - src.utils.database - INFO - Database tables created
2025-06-06 12:32:39,970 - src.utils.database - INFO - Database indexes created
2025-06-06 12:32:39,970 - src.utils.database - INFO - Database initialized: data/database/network_intelligence.db
2025-06-06 12:32:39,970 - __main__ - INFO - Ensured 'network_quality_rs_metrics' table exists.
2025-06-06 12:32:39,970 - __main__ - INFO - Database initialized: data/database/network_intelligence.db
2025-06-06 12:32:39,970 - src.collector - INFO - Enhanced network collector initialized
2025-06-06 12:32:39,970 - __main__ - INFO - Enhanced network collector initialized
2025-06-06 12:32:40,458 - src.lstm_auto - INFO - Enhanced LSTM anomaly detector initialized
2025-06-06 12:32:40,458 - ai - INFO - Model enhanced_lstm loaded from data/models
2025-06-06 12:32:40,458 - __main__ - INFO - Loaded existing AI models
2025-06-06 12:32:40,458 - __main__ - INFO - AI detection system initialized
2025-06-06 12:32:40,458 - __main__ - INFO - Mimir integration disabled or Mimir config missing.
2025-06-06 12:32:40,458 - src.alerts - INFO - Loaded 1 escalation rules
2025-06-06 12:32:40,459 - src.alerts - INFO - Alert management system started
2025-06-06 12:32:40,459 - __main__ - INFO - Alerting system initialized
2025-06-06 12:32:40,459 - src.dynamic_thresh - INFO - Initialized dynamic thresholds for 10 metrics
2025-06-06 12:32:40,459 - __main__ - INFO - Dynamic threshold management initialized
2025-06-06 12:32:40,460 - src.prom_export - INFO - Prometheus metrics server started on 0.0.0.0:8540
2025-06-06 12:32:40,460 - src.prom_export - INFO - Metrics aggregator started
2025-06-06 12:32:40,460 - __main__ - INFO - Prometheus metrics server configured on port 8540
2025-06-06 12:32:40,461 - __main__ - INFO - Enhanced API server initialized
2025-06-06 12:32:40,461 - __main__ - INFO - WebSocket config: host=0.0.0.0, port=8001
2025-06-06 12:32:40,464 - websockets.server - INFO - server listening on 0.0.0.0:8001
2025-06-06 12:32:40,464 - src.websocket_server - INFO - WebSocket server started on ws://0.0.0.0:8001
2025-06-06 12:32:40,465 - src.websocket_server - INFO - WebSocket endpoint: ws://0.0.0.0:8001/ws
2025-06-06 12:32:40,465 - src.websocket_server - INFO - Available channels: ['metrics', 'anomalies', 'alerts', 'health']
2025-06-06 12:32:40,465 - __main__ - INFO - WebSocket server initialized and started on ws://0.0.0.0:8001
2025-06-06 12:32:40,465 - __main__ - INFO - NetworkQuality-RS monitoring is disabled in configuration.
2025-06-06 12:32:40,465 - __main__ - INFO - Edge optimization not enabled or deployment config missing.
2025-06-06 12:32:40,465 - __main__ - INFO - Integration verification setup completed.
2025-06-06 12:32:40,465 - __main__ - INFO - Enhanced Network Intelligence Monitor initialization complete
2025-06-06 12:32:40,465 - __main__ - INFO - Starting Enhanced Network Intelligence Monitor...
2025-06-06 12:32:40,465 - __main__ - INFO - Enhanced Network Intelligence Monitor started successfully
2025-06-06 12:32:40,465 - __main__ - INFO - === Enhanced Network Intelligence Monitor Started ===
2025-06-06 12:32:40,465 - __main__ - INFO - API Server: http://0.0.0.0:5000
2025-06-06 12:32:40,465 - __main__ - INFO - Metrics Export (for Alloy): http://0.0.0.0:8540/metrics
2025-06-06 12:32:40,465 - __main__ - INFO - WebSocket Server: ws://0.0.0.0:8001/ws
2025-06-06 12:32:40,465 - __main__ - INFO - Targets: 8.8.8.8, 1.1.1.1, google.com, github.com
2025-06-06 12:32:40,465 - __main__ - INFO - NetworkQuality-RS Monitoring: Disabled
2025-06-06 12:32:40,465 - __main__ - INFO - =====================================================
2025-06-06 12:32:40,466 - __main__ - INFO - Main (enhanced_collector) monitoring loop started
2025-06-06 12:32:52,407 - websockets.server - INFO - connection open
2025-06-06 12:32:52,407 - websockets.server - ERROR - connection handler failed
Traceback (most recent call last):
  File "/opt/network-monitor-ml/venv/lib/python3.12/site-packages/websockets/asyncio/server.py", line 376, in conn_handler
    await self.handler(connection)
          ^^^^^^^^^^^^^^^^^^^^^^^^
TypeError: WebSocketManager.handle_client() missing 1 required positional argument: 'path'
