2025-06-05 18:38:17,158 - src.utils.logger - INFO - Logging system initialized
2025-06-05 18:38:17,158 - src.utils.logger - INFO - Log level: 20
2025-06-05 18:38:17,158 - src.utils.logger - INFO - Log file: data/logs/network_intelligence.log
2025-06-05 18:38:17,158 - __main__ - INFO - Initializing Enhanced Network Intelligence Monitor...
2025-06-05 18:38:17,161 - src.config - INFO - Loaded configuration from config.yaml
2025-06-05 18:38:17,161 - src.config - INFO - Configuration validation completed.
2025-06-05 18:38:17,161 - __main__ - INFO - Configuration loaded from: config.yaml
2025-06-05 18:38:17,161 - __main__ - INFO - NetworkQuality-RS enabled: False
2025-06-05 18:38:17,161 - __main__ - INFO - Detecting environment...
2025-06-05 18:38:17,162 - __main__ - INFO -   Platform: linux
2025-06-05 18:38:17,162 - __main__ - INFO -   Is container: True
2025-06-05 18:38:17,162 - __main__ - INFO -   Is cloud: False
2025-06-05 18:38:17,162 - __main__ - INFO -   Is edge device: False
2025-06-05 18:38:17,162 - __main__ - INFO -   Constraints: ['container_limits']
2025-06-05 18:38:17,171 - src.utils.database - INFO - Database tables created
2025-06-05 18:38:17,172 - src.utils.database - INFO - Database indexes created
2025-06-05 18:38:17,172 - src.utils.database - INFO - Database initialized: data/database/network_intelligence.db
2025-06-05 18:38:17,172 - __main__ - INFO - Ensured 'network_quality_rs_metrics' table exists.
2025-06-05 18:38:17,172 - __main__ - INFO - Database initialized: data/database/network_intelligence.db
2025-06-05 18:38:17,172 - src.collector - INFO - Enhanced network collector initialized
2025-06-05 18:38:17,173 - __main__ - INFO - Enhanced network collector initialized
2025-06-05 18:38:17,659 - src.lstm_auto - INFO - Enhanced LSTM anomaly detector initialized
2025-06-05 18:38:17,659 - ai - INFO - Model enhanced_lstm loaded from data/models
2025-06-05 18:38:17,659 - __main__ - INFO - Loaded existing AI models
2025-06-05 18:38:17,659 - __main__ - INFO - AI detection system initialized
2025-06-05 18:38:17,659 - __main__ - INFO - Mimir integration disabled or Mimir config missing.
2025-06-05 18:38:17,659 - src.alerts - INFO - Loaded 1 escalation rules
2025-06-05 18:38:17,659 - src.alerts - INFO - Alert management system started
2025-06-05 18:38:17,659 - __main__ - INFO - Alerting system initialized
2025-06-05 18:38:17,659 - src.dynamic_thresh - INFO - Initialized dynamic thresholds for 10 metrics
2025-06-05 18:38:17,659 - __main__ - INFO - Dynamic threshold management initialized
2025-06-05 18:38:17,661 - src.prom_export - INFO - Prometheus metrics server started on 0.0.0.0:8000
2025-06-05 18:38:17,661 - src.prom_export - INFO - Metrics aggregator started
2025-06-05 18:38:17,661 - __main__ - INFO - Prometheus metrics server configured on port 8000
2025-06-05 18:38:17,664 - __main__ - INFO - Enhanced API server initialized
2025-06-05 18:38:17,667 - websockets.server - INFO - server listening on 0.0.0.0:8001
2025-06-05 18:38:17,667 - src.websocket_server - INFO - WebSocket server started on ws://0.0.0.0:8001
2025-06-05 18:38:17,667 - __main__ - INFO - WebSocket server initialized and started on ws://0.0.0.0:8001
2025-06-05 18:38:17,667 - __main__ - INFO - NetworkQuality-RS monitoring is disabled in configuration.
2025-06-05 18:38:17,667 - __main__ - INFO - Edge optimization not enabled or deployment config missing.
2025-06-05 18:38:17,668 - __main__ - INFO - Integration verification setup completed.
2025-06-05 18:38:17,668 - __main__ - INFO - Enhanced Network Intelligence Monitor initialization complete
2025-06-05 18:38:17,668 - __main__ - INFO - Starting Enhanced Network Intelligence Monitor...
2025-06-05 18:38:17,668 - __main__ - INFO - Enhanced Network Intelligence Monitor started successfully
2025-06-05 18:38:17,668 - __main__ - INFO - === Enhanced Network Intelligence Monitor Started ===
2025-06-05 18:38:17,668 - __main__ - INFO - API Server: http://0.0.0.0:5000
2025-06-05 18:38:17,668 - __main__ - INFO - Metrics Export (for Alloy): http://0.0.0.0:8000/metrics
2025-06-05 18:38:17,668 - __main__ - INFO - WebSocket Server: ws://0.0.0.0:8001/ws
2025-06-05 18:38:17,668 - __main__ - INFO - Targets: 8.8.8.8, 1.1.1.1, google.com
2025-06-05 18:38:17,668 - __main__ - INFO - NetworkQuality-RS Monitoring: Disabled
2025-06-05 18:38:17,668 - __main__ - INFO - =====================================================
2025-06-05 18:38:17,668 - __main__ - INFO - Main (enhanced_collector) monitoring loop started
2025-06-05 18:38:17,668 - src.api.server - INFO - Starting API server on 0.0.0.0:5000
2025-06-05 18:38:38,382 - websockets.server - INFO - connection rejected (426 Upgrade Required)
2025-06-05 18:38:38,383 - websockets.server - ERROR - opening handshake failed
Traceback (most recent call last):
  File "/opt/network-monitor-ml/venv/lib/python3.12/site-packages/websockets/asyncio/server.py", line 356, in conn_handler
    await connection.handshake(
  File "/opt/network-monitor-ml/venv/lib/python3.12/site-packages/websockets/asyncio/server.py", line 207, in handshake
    raise self.protocol.handshake_exc
  File "/opt/network-monitor-ml/venv/lib/python3.12/site-packages/websockets/server.py", line 138, in accept
    ) = self.process_request(request)
        ^^^^^^^^^^^^^^^^^^^^^^^^^^^^^
  File "/opt/network-monitor-ml/venv/lib/python3.12/site-packages/websockets/server.py", line 233, in process_request
    raise InvalidUpgrade(
websockets.exceptions.InvalidUpgrade: missing Connection header
2025-06-05 18:38:42,774 - websockets.server - INFO - connection rejected (426 Upgrade Required)
2025-06-05 18:38:42,775 - websockets.server - ERROR - opening handshake failed
Traceback (most recent call last):
  File "/opt/network-monitor-ml/venv/lib/python3.12/site-packages/websockets/asyncio/server.py", line 356, in conn_handler
    await connection.handshake(
  File "/opt/network-monitor-ml/venv/lib/python3.12/site-packages/websockets/asyncio/server.py", line 207, in handshake
    raise self.protocol.handshake_exc
  File "/opt/network-monitor-ml/venv/lib/python3.12/site-packages/websockets/server.py", line 138, in accept
    ) = self.process_request(request)
        ^^^^^^^^^^^^^^^^^^^^^^^^^^^^^
  File "/opt/network-monitor-ml/venv/lib/python3.12/site-packages/websockets/server.py", line 233, in process_request
    raise InvalidUpgrade(
websockets.exceptions.InvalidUpgrade: missing Connection header
2025-06-05 18:42:56,586 - src.utils.logger - INFO - Logging system initialized
2025-06-05 18:42:56,586 - src.utils.logger - INFO - Log level: 20
2025-06-05 18:42:56,586 - src.utils.logger - INFO - Log file: data/logs/network_intelligence.log
2025-06-05 18:42:56,586 - __main__ - INFO - Initializing Enhanced Network Intelligence Monitor...
2025-06-05 18:42:56,589 - src.config - INFO - Loaded configuration from config.yaml
2025-06-05 18:42:56,589 - src.config - ERROR - networkquality server type is 'external' but no URL is provided ('networkquality.server.url').
2025-06-05 18:42:56,589 - src.config - INFO - Configuration validation completed.
2025-06-05 18:42:56,589 - __main__ - INFO - Configuration loaded from: config.yaml
2025-06-05 18:42:56,589 - __main__ - INFO - NetworkQuality-RS enabled: False
2025-06-05 18:42:56,589 - __main__ - INFO - Detecting environment...
2025-06-05 18:42:56,590 - __main__ - INFO -   Platform: linux
2025-06-05 18:42:56,590 - __main__ - INFO -   Is container: True
2025-06-05 18:42:56,590 - __main__ - INFO -   Is cloud: False
2025-06-05 18:42:56,590 - __main__ - INFO -   Is edge device: False
2025-06-05 18:42:56,590 - __main__ - INFO -   Constraints: ['container_limits']
2025-06-05 18:42:56,591 - src.utils.database - INFO - Database tables created
2025-06-05 18:42:56,592 - src.utils.database - INFO - Database indexes created
2025-06-05 18:42:56,592 - src.utils.database - INFO - Database initialized: data/database/network_intelligence.db
2025-06-05 18:42:56,592 - __main__ - INFO - Ensured 'network_quality_rs_metrics' table exists.
2025-06-05 18:42:56,592 - __main__ - INFO - Database initialized: data/database/network_intelligence.db
2025-06-05 18:42:56,592 - src.collector - INFO - Enhanced network collector initialized
2025-06-05 18:42:56,592 - __main__ - INFO - Enhanced network collector initialized
2025-06-05 18:42:57,089 - src.lstm_auto - INFO - Enhanced LSTM anomaly detector initialized
2025-06-05 18:42:57,089 - ai - INFO - Model enhanced_lstm loaded from data/models
2025-06-05 18:42:57,089 - __main__ - INFO - Loaded existing AI models
2025-06-05 18:42:57,089 - __main__ - INFO - AI detection system initialized
2025-06-05 18:42:57,089 - __main__ - INFO - Mimir integration disabled or Mimir config missing.
2025-06-05 18:42:57,089 - src.alerts - INFO - Loaded 1 escalation rules
2025-06-05 18:42:57,089 - src.alerts - INFO - Alert management system started
2025-06-05 18:42:57,089 - __main__ - INFO - Alerting system initialized
2025-06-05 18:42:57,089 - src.dynamic_thresh - INFO - Initialized dynamic thresholds for 10 metrics
2025-06-05 18:42:57,089 - __main__ - INFO - Dynamic threshold management initialized
2025-06-05 18:42:57,090 - src.prom_export - INFO - Prometheus metrics server started on 0.0.0.0:11455
2025-06-05 18:42:57,091 - src.prom_export - INFO - Metrics aggregator started
2025-06-05 18:42:57,091 - __main__ - INFO - Prometheus metrics server configured on port 11455
2025-06-05 18:42:57,093 - __main__ - INFO - Enhanced API server initialized
2025-06-05 18:42:57,096 - websockets.server - INFO - server listening on 0.0.0.0:11450
2025-06-05 18:42:57,097 - src.websocket_server - INFO - WebSocket server started on ws://0.0.0.0:11450
2025-06-05 18:42:57,097 - __main__ - INFO - WebSocket server initialized and started on ws://0.0.0.0:11450
2025-06-05 18:42:57,097 - __main__ - INFO - NetworkQuality-RS monitoring is disabled in configuration.
2025-06-05 18:42:57,097 - __main__ - INFO - Edge optimization not enabled or deployment config missing.
2025-06-05 18:42:57,097 - __main__ - INFO - Integration verification setup completed.
2025-06-05 18:42:57,097 - __main__ - INFO - Enhanced Network Intelligence Monitor initialization complete
2025-06-05 18:42:57,097 - __main__ - INFO - Starting Enhanced Network Intelligence Monitor...
2025-06-05 18:42:57,098 - __main__ - INFO - Enhanced Network Intelligence Monitor started successfully
2025-06-05 18:42:57,098 - __main__ - INFO - === Enhanced Network Intelligence Monitor Started ===
2025-06-05 18:42:57,098 - __main__ - INFO - API Server: http://0.0.0.0:5000
2025-06-05 18:42:57,098 - __main__ - INFO - Metrics Export (for Alloy): http://0.0.0.0:11455/metrics
2025-06-05 18:42:57,098 - __main__ - INFO - WebSocket Server: ws://0.0.0.0:8001/ws
2025-06-05 18:42:57,098 - __main__ - INFO - Targets: 8.8.8.8, 1.1.1.1, google.com
2025-06-05 18:42:57,098 - __main__ - INFO - NetworkQuality-RS Monitoring: Disabled
2025-06-05 18:42:57,098 - __main__ - INFO - =====================================================
2025-06-05 18:42:57,098 - __main__ - INFO - Main (enhanced_collector) monitoring loop started
2025-06-05 18:42:57,098 - src.api.server - INFO - Starting API server on 0.0.0.0:5000
2025-06-05 18:46:35,071 - src.utils.logger - INFO - Logging system initialized
2025-06-05 18:46:35,071 - src.utils.logger - INFO - Log level: 20
2025-06-05 18:46:35,071 - src.utils.logger - INFO - Log file: data/logs/network_intelligence.log
2025-06-05 18:46:35,071 - __main__ - INFO - Initializing Enhanced Network Intelligence Monitor...
2025-06-05 18:46:35,074 - src.config - INFO - Loaded configuration from config.yaml
2025-06-05 18:46:35,074 - src.config - ERROR - networkquality server type is 'external' but no URL is provided ('networkquality.server.url').
2025-06-05 18:46:35,074 - src.config - INFO - Configuration validation completed.
2025-06-05 18:46:35,074 - __main__ - INFO - Configuration loaded from: config.yaml
2025-06-05 18:46:35,074 - __main__ - INFO - NetworkQuality-RS enabled: False
2025-06-05 18:46:35,074 - __main__ - INFO - Detecting environment...
2025-06-05 18:46:35,076 - __main__ - INFO -   Platform: linux
2025-06-05 18:46:35,076 - __main__ - INFO -   Is container: True
2025-06-05 18:46:35,076 - __main__ - INFO -   Is cloud: False
2025-06-05 18:46:35,076 - __main__ - INFO -   Is edge device: False
2025-06-05 18:46:35,076 - __main__ - INFO -   Constraints: ['container_limits']
2025-06-05 18:46:35,077 - src.utils.database - INFO - Database tables created
2025-06-05 18:46:35,077 - src.utils.database - INFO - Database indexes created
2025-06-05 18:46:35,077 - src.utils.database - INFO - Database initialized: data/database/network_intelligence.db
2025-06-05 18:46:35,077 - __main__ - INFO - Ensured 'network_quality_rs_metrics' table exists.
2025-06-05 18:46:35,077 - __main__ - INFO - Database initialized: data/database/network_intelligence.db
2025-06-05 18:46:35,078 - src.collector - INFO - Enhanced network collector initialized
2025-06-05 18:46:35,078 - __main__ - INFO - Enhanced network collector initialized
2025-06-05 18:46:35,561 - src.lstm_auto - INFO - Enhanced LSTM anomaly detector initialized
2025-06-05 18:46:35,561 - ai - INFO - Model enhanced_lstm loaded from data/models
2025-06-05 18:46:35,561 - __main__ - INFO - Loaded existing AI models
2025-06-05 18:46:35,562 - __main__ - INFO - AI detection system initialized
2025-06-05 18:46:35,562 - __main__ - INFO - Mimir integration disabled or Mimir config missing.
2025-06-05 18:46:35,562 - src.alerts - INFO - Loaded 1 escalation rules
2025-06-05 18:46:35,562 - src.alerts - INFO - Alert management system started
2025-06-05 18:46:35,562 - __main__ - INFO - Alerting system initialized
2025-06-05 18:46:35,562 - src.dynamic_thresh - INFO - Initialized dynamic thresholds for 10 metrics
2025-06-05 18:46:35,562 - __main__ - INFO - Dynamic threshold management initialized
2025-06-05 18:46:35,563 - src.prom_export - INFO - Prometheus metrics server started on 0.0.0.0:11455
2025-06-05 18:46:35,563 - src.prom_export - INFO - Metrics aggregator started
2025-06-05 18:46:35,563 - __main__ - INFO - Prometheus metrics server configured on port 11455
2025-06-05 18:46:35,566 - __main__ - INFO - Enhanced API server initialized
2025-06-05 18:46:35,570 - websockets.server - INFO - server listening on 0.0.0.0:11450
2025-06-05 18:46:35,570 - src.websocket_server - INFO - WebSocket server started on ws://0.0.0.0:11450
2025-06-05 18:46:35,570 - __main__ - INFO - WebSocket server initialized and started on ws://0.0.0.0:11450
2025-06-05 18:46:35,570 - __main__ - INFO - NetworkQuality-RS monitoring is disabled in configuration.
2025-06-05 18:46:35,570 - __main__ - INFO - Edge optimization not enabled or deployment config missing.
2025-06-05 18:46:35,570 - __main__ - INFO - Integration verification setup completed.
2025-06-05 18:46:35,570 - __main__ - INFO - Enhanced Network Intelligence Monitor initialization complete
2025-06-05 18:46:35,570 - __main__ - INFO - Starting Enhanced Network Intelligence Monitor...
2025-06-05 18:46:35,570 - __main__ - INFO - Enhanced Network Intelligence Monitor started successfully
2025-06-05 18:46:35,571 - __main__ - INFO - === Enhanced Network Intelligence Monitor Started ===
2025-06-05 18:46:35,571 - __main__ - INFO - API Server: http://0.0.0.0:5000
2025-06-05 18:46:35,571 - __main__ - INFO - Metrics Export (for Alloy): http://0.0.0.0:11455/metrics
2025-06-05 18:46:35,571 - __main__ - INFO - WebSocket Server: ws://0.0.0.0:8001/ws
2025-06-05 18:46:35,571 - __main__ - INFO - Targets: 8.8.8.8, 1.1.1.1, google.com
2025-06-05 18:46:35,571 - __main__ - INFO - NetworkQuality-RS Monitoring: Disabled
2025-06-05 18:46:35,571 - __main__ - INFO - =====================================================
2025-06-05 18:46:35,571 - __main__ - INFO - Main (enhanced_collector) monitoring loop started
2025-06-05 18:46:35,571 - src.api.server - INFO - Starting API server on 0.0.0.0:5000
2025-06-05 19:02:38,247 - src.utils.logger - INFO - Logging system initialized
2025-06-05 19:02:38,247 - src.utils.logger - INFO - Log level: 20
2025-06-05 19:02:38,247 - src.utils.logger - INFO - Log file: data/logs/network_intelligence.log
2025-06-05 19:02:38,247 - __main__ - INFO - Initializing Enhanced Network Intelligence Monitor...
2025-06-05 19:02:38,250 - src.config - INFO - Loaded configuration from config.yaml
2025-06-05 19:02:38,250 - src.config - INFO - Configuration validation completed.
2025-06-05 19:02:38,250 - __main__ - INFO - Configuration loaded from: config.yaml
2025-06-05 19:02:38,250 - __main__ - INFO - NetworkQuality-RS enabled: True
2025-06-05 19:02:38,250 - __main__ - INFO - Detecting environment...
2025-06-05 19:02:38,251 - __main__ - INFO -   Platform: linux
2025-06-05 19:02:38,251 - __main__ - INFO -   Is container: True
2025-06-05 19:02:38,251 - __main__ - INFO -   Is cloud: False
2025-06-05 19:02:38,251 - __main__ - INFO -   Is edge device: False
2025-06-05 19:02:38,251 - __main__ - INFO -   Constraints: ['container_limits']
2025-06-05 19:02:38,253 - src.utils.database - INFO - Database tables created
2025-06-05 19:02:38,253 - src.utils.database - INFO - Database indexes created
2025-06-05 19:02:38,253 - src.utils.database - INFO - Database initialized: data/database/network_intelligence.db
2025-06-05 19:02:38,253 - __main__ - INFO - Ensured 'network_quality_rs_metrics' table exists.
2025-06-05 19:02:38,253 - __main__ - INFO - Database initialized: data/database/network_intelligence.db
2025-06-05 19:02:38,253 - src.collector - INFO - Enhanced network collector initialized
2025-06-05 19:02:38,253 - __main__ - INFO - Enhanced network collector initialized
2025-06-05 19:02:38,745 - src.lstm_auto - INFO - Enhanced LSTM anomaly detector initialized
2025-06-05 19:02:38,745 - ai - INFO - Model enhanced_lstm loaded from data/models
2025-06-05 19:02:38,745 - __main__ - INFO - Loaded existing AI models
2025-06-05 19:02:38,745 - __main__ - INFO - AI detection system initialized
2025-06-05 19:02:38,745 - __main__ - INFO - Mimir integration disabled or Mimir config missing.
2025-06-05 19:02:38,745 - src.alerts - INFO - Loaded 1 escalation rules
2025-06-05 19:02:38,746 - src.alerts - INFO - Alert management system started
2025-06-05 19:02:38,746 - __main__ - INFO - Alerting system initialized
2025-06-05 19:02:38,746 - src.dynamic_thresh - INFO - Initialized dynamic thresholds for 10 metrics
2025-06-05 19:02:38,746 - __main__ - INFO - Dynamic threshold management initialized
2025-06-05 19:02:38,747 - src.prom_export - INFO - Prometheus metrics server started on 0.0.0.0:11455
2025-06-05 19:02:38,747 - src.prom_export - INFO - Metrics aggregator started
2025-06-05 19:02:38,747 - __main__ - INFO - Prometheus metrics server configured on port 11455
2025-06-05 19:02:38,750 - __main__ - INFO - Enhanced API server initialized
2025-06-05 19:02:38,753 - websockets.server - INFO - server listening on 0.0.0.0:11450
2025-06-05 19:02:38,753 - src.websocket_server - INFO - WebSocket server started on ws://0.0.0.0:11450
2025-06-05 19:02:38,754 - __main__ - INFO - WebSocket server initialized and started on ws://0.0.0.0:11450
2025-06-05 19:02:38,754 - __main__ - INFO - Initializing NetworkQuality-RS components...
2025-06-05 19:02:38,754 - __main__ - ERROR - Failed to initialize enhanced monitor: 'NetworkQualityRSConfig' object has no attribute 'get'
Traceback (most recent call last):
  File "/opt/network-monitor-ml/src/main.py", line 111, in initialize
    await self._initialize_networkquality_rs()
  File "/opt/network-monitor-ml/src/main.py", line 168, in _initialize_networkquality_rs
    self.nq_server_manager = NetworkQualityServerManager(self.config.networkquality)
                             ^^^^^^^^^^^^^^^^^^^^^^^^^^^^^^^^^^^^^^^^^^^^^^^^^^^^^^^
  File "/opt/network-monitor-ml/src/networkquality/server.py", line 35, in __init__
    self.server_config = config.get('server', {})
                         ^^^^^^^^^^
AttributeError: 'NetworkQualityRSConfig' object has no attribute 'get'
2025-06-05 19:02:38,754 - __main__ - CRITICAL - Unhandled exception in main: 'NetworkQualityRSConfig' object has no attribute 'get'
Traceback (most recent call last):
  File "/opt/network-monitor-ml/src/main.py", line 729, in main
    if await monitor.initialize():
       ^^^^^^^^^^^^^^^^^^^^^^^^^^
  File "/opt/network-monitor-ml/src/main.py", line 111, in initialize
    await self._initialize_networkquality_rs()
  File "/opt/network-monitor-ml/src/main.py", line 168, in _initialize_networkquality_rs
    self.nq_server_manager = NetworkQualityServerManager(self.config.networkquality)
                             ^^^^^^^^^^^^^^^^^^^^^^^^^^^^^^^^^^^^^^^^^^^^^^^^^^^^^^^
  File "/opt/network-monitor-ml/src/networkquality/server.py", line 35, in __init__
    self.server_config = config.get('server', {})
                         ^^^^^^^^^^
AttributeError: 'NetworkQualityRSConfig' object has no attribute 'get'
2025-06-05 19:02:38,755 - __main__ - INFO - Application shutdown sequence complete.
2025-06-05 19:09:09,266 - asyncio - ERROR - Unclosed client session
client_session: <aiohttp.client.ClientSession object at 0x7ca8730ae210>
2025-06-05 19:09:37,509 - src.utils.logger - INFO - Logging system initialized
2025-06-05 19:09:37,509 - src.utils.logger - INFO - Log level: 20
2025-06-05 19:09:37,509 - src.utils.logger - INFO - Log file: data/logs/network_intelligence.log
2025-06-05 19:09:37,509 - __main__ - INFO - Initializing Enhanced Network Intelligence Monitor...
2025-06-05 19:09:37,512 - src.config - INFO - Loaded configuration from config.yaml
2025-06-05 19:09:37,512 - src.config - INFO - Configuration validation completed.
2025-06-05 19:09:37,512 - __main__ - INFO - Configuration loaded from: config.yaml
2025-06-05 19:09:37,512 - __main__ - INFO - NetworkQuality-RS enabled: True
2025-06-05 19:09:37,512 - __main__ - INFO - Detecting environment...
2025-06-05 19:09:37,513 - __main__ - INFO -   Platform: linux
2025-06-05 19:09:37,513 - __main__ - INFO -   Is container: True
2025-06-05 19:09:37,513 - __main__ - INFO -   Is cloud: False
2025-06-05 19:09:37,513 - __main__ - INFO -   Is edge device: False
2025-06-05 19:09:37,513 - __main__ - INFO -   Constraints: ['container_limits']
2025-06-05 19:09:37,514 - src.utils.database - INFO - Database tables created
2025-06-05 19:09:37,515 - src.utils.database - INFO - Database indexes created
2025-06-05 19:09:37,515 - src.utils.database - INFO - Database initialized: data/database/network_intelligence.db
2025-06-05 19:09:37,515 - __main__ - INFO - Ensured 'network_quality_rs_metrics' table exists.
2025-06-05 19:09:37,515 - __main__ - INFO - Database initialized: data/database/network_intelligence.db
2025-06-05 19:09:37,515 - src.collector - INFO - Enhanced network collector initialized
2025-06-05 19:09:37,515 - __main__ - INFO - Enhanced network collector initialized
2025-06-05 19:09:38,000 - src.lstm_auto - INFO - Enhanced LSTM anomaly detector initialized
2025-06-05 19:09:38,001 - ai - INFO - Model enhanced_lstm loaded from data/models
2025-06-05 19:09:38,001 - __main__ - INFO - Loaded existing AI models
2025-06-05 19:09:38,001 - __main__ - INFO - AI detection system initialized
2025-06-05 19:09:38,001 - __main__ - INFO - Mimir integration disabled or Mimir config missing.
2025-06-05 19:09:38,001 - src.alerts - INFO - Loaded 1 escalation rules
2025-06-05 19:09:38,001 - src.alerts - INFO - Alert management system started
2025-06-05 19:09:38,001 - __main__ - INFO - Alerting system initialized
2025-06-05 19:09:38,001 - src.dynamic_thresh - INFO - Initialized dynamic thresholds for 10 metrics
2025-06-05 19:09:38,001 - __main__ - INFO - Dynamic threshold management initialized
2025-06-05 19:09:38,002 - src.prom_export - INFO - Prometheus metrics server started on 0.0.0.0:11455
2025-06-05 19:09:38,002 - src.prom_export - INFO - Metrics aggregator started
2025-06-05 19:09:38,003 - __main__ - INFO - Prometheus metrics server configured on port 11455
2025-06-05 19:09:38,005 - __main__ - INFO - Enhanced API server initialized
2025-06-05 19:09:38,008 - websockets.server - INFO - server listening on 0.0.0.0:11450
2025-06-05 19:09:38,008 - src.websocket_server - INFO - WebSocket server started on ws://0.0.0.0:11450
2025-06-05 19:09:38,009 - __main__ - INFO - WebSocket server initialized and started on ws://0.0.0.0:11450
2025-06-05 19:09:38,009 - __main__ - INFO - Initializing NetworkQuality-RS components...
2025-06-05 19:09:38,009 - src.networkquality.server - ERROR - NetworkQuality server binary not found at absolute path '/usr/local/bin/networkquality-server'. Cannot start self-hosted server.
2025-06-05 19:09:38,009 - __main__ - ERROR - Failed to start self-hosted NetworkQuality server. RPM tests might fail.
2025-06-05 19:09:38,009 - __main__ - ERROR - Failed to initialize enhanced monitor: 'NetworkQualityRSConfig' object has no attribute 'get'
Traceback (most recent call last):
  File "/opt/network-monitor-ml/src/main.py", line 111, in initialize
    await self._initialize_networkquality_rs()
  File "/opt/network-monitor-ml/src/main.py", line 177, in _initialize_networkquality_rs
    self.nq_collector = NetworkQualityCollector(self.config.networkquality, self.database)
                        ^^^^^^^^^^^^^^^^^^^^^^^^^^^^^^^^^^^^^^^^^^^^^^^^^^^^^^^^^^^^^^^^^^
  File "/opt/network-monitor-ml/src/networkquality/collector.py", line 69, in __init__
    self.config = config.get('networkquality', {}) # Expects a 'networkquality' sub-config
                  ^^^^^^^^^^
AttributeError: 'NetworkQualityRSConfig' object has no attribute 'get'
2025-06-05 19:09:38,009 - __main__ - CRITICAL - Unhandled exception in main: 'NetworkQualityRSConfig' object has no attribute 'get'
Traceback (most recent call last):
  File "/opt/network-monitor-ml/src/main.py", line 729, in main
    if await monitor.initialize():
       ^^^^^^^^^^^^^^^^^^^^^^^^^^
  File "/opt/network-monitor-ml/src/main.py", line 111, in initialize
    await self._initialize_networkquality_rs()
  File "/opt/network-monitor-ml/src/main.py", line 177, in _initialize_networkquality_rs
    self.nq_collector = NetworkQualityCollector(self.config.networkquality, self.database)
                        ^^^^^^^^^^^^^^^^^^^^^^^^^^^^^^^^^^^^^^^^^^^^^^^^^^^^^^^^^^^^^^^^^^
  File "/opt/network-monitor-ml/src/networkquality/collector.py", line 69, in __init__
    self.config = config.get('networkquality', {}) # Expects a 'networkquality' sub-config
                  ^^^^^^^^^^
AttributeError: 'NetworkQualityRSConfig' object has no attribute 'get'
2025-06-05 19:09:38,010 - __main__ - INFO - Application shutdown sequence complete.
2025-06-05 19:09:45,391 - asyncio - ERROR - Unclosed client session
client_session: <aiohttp.client.ClientSession object at 0x781b3eec27e0>
2025-06-05 19:13:17,457 - src.utils.logger - INFO - Logging system initialized
2025-06-05 19:13:17,457 - src.utils.logger - INFO - Log level: 20
2025-06-05 19:13:17,458 - src.utils.logger - INFO - Log file: data/logs/network_intelligence.log
2025-06-05 19:13:17,458 - __main__ - INFO - Initializing Enhanced Network Intelligence Monitor...
2025-06-05 19:13:17,460 - src.config - INFO - Loaded configuration from config.yaml
2025-06-05 19:13:17,460 - src.config - INFO - Configuration validation completed.
2025-06-05 19:13:17,460 - __main__ - INFO - Configuration loaded from: config.yaml
2025-06-05 19:13:17,460 - __main__ - INFO - NetworkQuality-RS enabled: True
2025-06-05 19:13:17,460 - __main__ - INFO - Detecting environment...
2025-06-05 19:13:17,461 - __main__ - INFO -   Platform: linux
2025-06-05 19:13:17,461 - __main__ - INFO -   Is container: True
2025-06-05 19:13:17,461 - __main__ - INFO -   Is cloud: False
2025-06-05 19:13:17,462 - __main__ - INFO -   Is edge device: False
2025-06-05 19:13:17,462 - __main__ - INFO -   Constraints: ['container_limits']
2025-06-05 19:13:17,463 - src.utils.database - INFO - Database tables created
2025-06-05 19:13:17,463 - src.utils.database - INFO - Database indexes created
2025-06-05 19:13:17,463 - src.utils.database - INFO - Database initialized: data/database/network_intelligence.db
2025-06-05 19:13:17,463 - __main__ - INFO - Ensured 'network_quality_rs_metrics' table exists.
2025-06-05 19:13:17,463 - __main__ - INFO - Database initialized: data/database/network_intelligence.db
2025-06-05 19:13:17,463 - src.collector - INFO - Enhanced network collector initialized
2025-06-05 19:13:17,463 - __main__ - INFO - Enhanced network collector initialized
2025-06-05 19:13:17,955 - src.lstm_auto - INFO - Enhanced LSTM anomaly detector initialized
2025-06-05 19:13:17,955 - ai - INFO - Model enhanced_lstm loaded from data/models
2025-06-05 19:13:17,955 - __main__ - INFO - Loaded existing AI models
2025-06-05 19:13:17,955 - __main__ - INFO - AI detection system initialized
2025-06-05 19:13:17,955 - __main__ - INFO - Mimir integration disabled or Mimir config missing.
2025-06-05 19:13:17,955 - src.alerts - INFO - Loaded 1 escalation rules
2025-06-05 19:13:17,955 - src.alerts - INFO - Alert management system started
2025-06-05 19:13:17,955 - __main__ - INFO - Alerting system initialized
2025-06-05 19:13:17,955 - src.dynamic_thresh - INFO - Initialized dynamic thresholds for 10 metrics
2025-06-05 19:13:17,955 - __main__ - INFO - Dynamic threshold management initialized
2025-06-05 19:13:17,957 - src.prom_export - INFO - Prometheus metrics server started on 0.0.0.0:11455
2025-06-05 19:13:17,957 - src.prom_export - INFO - Metrics aggregator started
2025-06-05 19:13:17,957 - __main__ - INFO - Prometheus metrics server configured on port 11455
2025-06-05 19:13:17,960 - __main__ - INFO - Enhanced API server initialized
2025-06-05 19:13:17,963 - websockets.server - INFO - server listening on 0.0.0.0:11450
2025-06-05 19:13:17,963 - src.websocket_server - INFO - WebSocket server started on ws://0.0.0.0:11450
2025-06-05 19:13:17,963 - __main__ - INFO - WebSocket server initialized and started on ws://0.0.0.0:11450
2025-06-05 19:13:17,963 - __main__ - INFO - Initializing NetworkQuality-RS components...
2025-06-05 19:13:17,963 - src.networkquality.server - ERROR - NetworkQuality server binary not found at absolute path '/usr/local/bin/networkquality-server'. Cannot start self-hosted server.
2025-06-05 19:13:17,963 - __main__ - ERROR - Failed to start self-hosted NetworkQuality server. RPM tests might fail.
2025-06-05 19:13:17,963 - __main__ - INFO - NetworkQuality-RS collector initialized.
2025-06-05 19:13:17,963 - __main__ - INFO - Edge optimization not enabled or deployment config missing.
2025-06-05 19:13:17,964 - __main__ - INFO - Verifying NetworkQuality-RS setup...
2025-06-05 19:13:17,964 - __main__ - INFO - ✓ NetworkQuality-RS collector configured for server: http://127.0.0.1:7500
2025-06-05 19:13:17,964 - __main__ - WARNING - ✗ Self-hosted NetworkQuality server was configured to auto-start but is not running.
2025-06-05 19:13:17,964 - __main__ - INFO - Integration verification setup completed.
2025-06-05 19:13:17,964 - __main__ - INFO - Enhanced Network Intelligence Monitor initialization complete
2025-06-05 19:13:17,964 - __main__ - INFO - Starting Enhanced Network Intelligence Monitor...
2025-06-05 19:13:17,964 - __main__ - INFO - Enhanced Network Intelligence Monitor started successfully
2025-06-05 19:13:17,964 - __main__ - INFO - === Enhanced Network Intelligence Monitor Started ===
2025-06-05 19:13:17,964 - __main__ - INFO - API Server: http://0.0.0.0:5000
2025-06-05 19:13:17,964 - __main__ - INFO - Metrics Export (for Alloy): http://0.0.0.0:11455/metrics
2025-06-05 19:13:17,964 - __main__ - INFO - WebSocket Server: ws://0.0.0.0:8001/ws
2025-06-05 19:13:17,964 - __main__ - INFO - Targets: 8.8.8.8, 1.1.1.1, google.com
2025-06-05 19:13:17,964 - __main__ - INFO - NetworkQuality-RS Monitoring: Enabled
2025-06-05 19:13:17,964 - __main__ - INFO - NetworkQuality-RS Server: http://127.0.0.1:7500
2025-06-05 19:13:17,964 - __main__ - INFO - =====================================================
2025-06-05 19:13:17,964 - __main__ - INFO - Main (enhanced_collector) monitoring loop started
2025-06-05 19:13:17,965 - __main__ - INFO - NetworkQuality-RS monitoring loop started.
2025-06-05 19:13:17,965 - src.networkquality.collector - INFO - Collecting NetworkQuality metrics for server: http://127.0.0.1:7500
2025-06-05 19:13:17,965 - src.api.server - INFO - Starting API server on 0.0.0.0:5000
2025-06-05 19:13:27,977 - src.networkquality.bridge - ERROR - NetworkQuality measurement failed for http://127.0.0.1:7500: error: unexpected argument '--server' found

Usage: networkquality [OPTIONS] [COMMAND]

For more information, try '--help'.
2025-06-05 19:13:27,977 - src.networkquality.collector - WARNING - NetworkQuality measurement failed for http://127.0.0.1:7500: error: unexpected argument '--server' found

Usage: networkquality [OPTIONS] [COMMAND]

For more information, try '--help'.
2025-06-05 19:13:27,978 - __main__ - WARNING - NQRS measurement for http://127.0.0.1:7500 error: error: unexpected argument '--server' found

Usage: networkquality [OPTIONS] [COMMAND]

For more information, try '--help'.
2025-06-05 19:13:28,004 - __main__ - INFO - Received signal SIGINT, initiating graceful shutdown...
2025-06-05 19:13:28,004 - __main__ - INFO - Stopping Enhanced Network Intelligence Monitor...
2025-06-05 19:13:28,004 - __main__ - INFO - NetworkQuality-RS monitoring loop cancelled.
2025-06-05 19:13:28,004 - __main__ - INFO - NetworkQuality-RS monitoring loop stopped.
2025-06-05 19:13:28,005 - __main__ - INFO - API server task cancelled.
2025-06-05 19:13:28,005 - __main__ - INFO - Main monitoring loop cancelled.
2025-06-05 19:13:28,005 - __main__ - INFO - Main (enhanced_collector) monitoring loop stopped
2025-06-05 19:13:28,005 - src.networkquality.server - INFO - NetworkQuality server process is not running or not managed.
2025-06-05 19:13:33,005 - src.prom_export - INFO - Metrics aggregator stopped
2025-06-05 19:13:33,005 - src.prom_export - INFO - Prometheus metrics server stopped
2025-06-05 19:13:33,006 - __main__ - INFO - Received signal SIGINT, initiating graceful shutdown...
2025-06-05 19:13:33,006 - websockets.server - INFO - server closing
2025-06-05 19:13:33,006 - websockets.server - INFO - server closed
2025-06-05 19:13:33,006 - src.websocket_server - INFO - WebSocket server stopped
2025-06-05 19:13:33,009 - src.utils.database - INFO - Database connection closed
2025-06-05 19:13:33,009 - __main__ - INFO - AI models saved
2025-06-05 19:13:33,009 - __main__ - INFO - === Final Performance Report ===
2025-06-05 19:13:33,009 - __main__ - INFO - System Uptime: 0.00 hours
2025-06-05 19:13:33,009 - __main__ - INFO - Total Standard Measurements: 0
2025-06-05 19:13:33,009 - __main__ - INFO - Total NetworkQuality-RS Measurements: 1
2025-06-05 19:13:33,009 - __main__ - INFO - Anomalies Detected: 0
2025-06-05 19:13:33,009 - __main__ - INFO - Alerts Sent: 0
2025-06-05 19:13:33,009 - __main__ - INFO - Model Trainings: 0
2025-06-05 19:13:33,009 - __main__ - INFO - Baseline Updates: 0
2025-06-05 19:13:33,009 - __main__ - INFO - Average Collection Time: 0.00s
2025-06-05 19:13:33,009 - __main__ - INFO - Final Health Score: 100.0
2025-06-05 19:13:33,009 - __main__ - INFO - ================================
2025-06-05 19:13:33,009 - __main__ - INFO - Enhanced Network Intelligence Monitor stopped
2025-06-05 19:13:33,009 - __main__ - INFO - Monitor shutdown was initiated, ensuring cleanup.
2025-06-05 19:13:33,009 - __main__ - INFO - Application shutdown sequence complete.
2025-06-05 19:16:24,053 - src.utils.logger - INFO - Logging system initialized
2025-06-05 19:16:24,053 - src.utils.logger - INFO - Log level: 20
2025-06-05 19:16:24,053 - src.utils.logger - INFO - Log file: data/logs/network_intelligence.log
2025-06-05 19:16:24,053 - __main__ - INFO - Initializing Enhanced Network Intelligence Monitor...
2025-06-05 19:16:24,056 - src.config - INFO - Loaded configuration from config.yaml
2025-06-05 19:16:24,056 - src.config - INFO - Configuration validation completed.
2025-06-05 19:16:24,056 - __main__ - INFO - Configuration loaded from: config.yaml
2025-06-05 19:16:24,056 - __main__ - INFO - NetworkQuality-RS enabled: True
2025-06-05 19:16:24,056 - __main__ - INFO - Detecting environment...
2025-06-05 19:16:24,057 - __main__ - INFO -   Platform: linux
2025-06-05 19:16:24,057 - __main__ - INFO -   Is container: True
2025-06-05 19:16:24,057 - __main__ - INFO -   Is cloud: False
2025-06-05 19:16:24,057 - __main__ - INFO -   Is edge device: False
2025-06-05 19:16:24,057 - __main__ - INFO -   Constraints: ['container_limits']
2025-06-05 19:16:24,058 - src.utils.database - INFO - Database tables created
2025-06-05 19:16:24,058 - src.utils.database - INFO - Database indexes created
2025-06-05 19:16:24,058 - src.utils.database - INFO - Database initialized: data/database/network_intelligence.db
2025-06-05 19:16:24,058 - __main__ - INFO - Ensured 'network_quality_rs_metrics' table exists.
2025-06-05 19:16:24,058 - __main__ - INFO - Database initialized: data/database/network_intelligence.db
2025-06-05 19:16:24,058 - src.collector - INFO - Enhanced network collector initialized
2025-06-05 19:16:24,058 - __main__ - INFO - Enhanced network collector initialized
2025-06-05 19:16:24,547 - src.lstm_auto - INFO - Enhanced LSTM anomaly detector initialized
2025-06-05 19:16:24,547 - ai - INFO - Model enhanced_lstm loaded from data/models
2025-06-05 19:16:24,547 - __main__ - INFO - Loaded existing AI models
2025-06-05 19:16:24,547 - __main__ - INFO - AI detection system initialized
2025-06-05 19:16:24,547 - __main__ - INFO - Mimir integration disabled or Mimir config missing.
2025-06-05 19:16:24,547 - src.alerts - INFO - Loaded 1 escalation rules
2025-06-05 19:16:24,547 - src.alerts - INFO - Alert management system started
2025-06-05 19:16:24,548 - __main__ - INFO - Alerting system initialized
2025-06-05 19:16:24,548 - src.dynamic_thresh - INFO - Initialized dynamic thresholds for 10 metrics
2025-06-05 19:16:24,548 - __main__ - INFO - Dynamic threshold management initialized
2025-06-05 19:16:24,549 - src.prom_export - INFO - Prometheus metrics server started on 0.0.0.0:11455
2025-06-05 19:16:24,549 - src.prom_export - INFO - Metrics aggregator started
2025-06-05 19:16:24,549 - __main__ - INFO - Prometheus metrics server configured on port 11455
2025-06-05 19:16:24,552 - __main__ - INFO - Enhanced API server initialized
2025-06-05 19:16:24,556 - websockets.server - INFO - server listening on 0.0.0.0:11450
2025-06-05 19:16:24,556 - src.websocket_server - INFO - WebSocket server started on ws://0.0.0.0:11450
2025-06-05 19:16:24,556 - __main__ - INFO - WebSocket server initialized and started on ws://0.0.0.0:11450
2025-06-05 19:16:24,556 - __main__ - INFO - Initializing NetworkQuality-RS components...
2025-06-05 19:16:24,556 - src.networkquality.server - INFO - Starting NetworkQuality server: /usr/local/bin/networkquality --bind 192.168.25.104:7500 --log-level info
2025-06-05 19:16:24,557 - src.networkquality.server - INFO - NetworkQuality server process started successfully (PID: 1973460) on 192.168.25.104:7500.
2025-06-05 19:16:24,557 - __main__ - INFO - Self-hosted NetworkQuality server manager started.
2025-06-05 19:16:24,557 - __main__ - INFO - NetworkQuality-RS collector initialized.
2025-06-05 19:16:24,557 - __main__ - INFO - Edge optimization not enabled or deployment config missing.
2025-06-05 19:16:24,557 - __main__ - INFO - Verifying NetworkQuality-RS setup...
2025-06-05 19:16:24,557 - __main__ - INFO - ✓ NetworkQuality-RS collector configured for server: http://127.0.0.1:7500
2025-06-05 19:16:24,557 - __main__ - INFO - ✓ Self-hosted NetworkQuality server is running.
2025-06-05 19:16:24,557 - __main__ - INFO - Integration verification setup completed.
2025-06-05 19:16:24,557 - __main__ - INFO - Enhanced Network Intelligence Monitor initialization complete
2025-06-05 19:16:24,557 - __main__ - INFO - Starting Enhanced Network Intelligence Monitor...
2025-06-05 19:16:24,557 - __main__ - INFO - Enhanced Network Intelligence Monitor started successfully
2025-06-05 19:16:24,557 - __main__ - INFO - === Enhanced Network Intelligence Monitor Started ===
2025-06-05 19:16:24,557 - __main__ - INFO - API Server: http://0.0.0.0:5000
2025-06-05 19:16:24,557 - __main__ - INFO - Metrics Export (for Alloy): http://0.0.0.0:11455/metrics
2025-06-05 19:16:24,557 - __main__ - INFO - WebSocket Server: ws://0.0.0.0:8001/ws
2025-06-05 19:16:24,557 - __main__ - INFO - Targets: 8.8.8.8, 1.1.1.1, google.com
2025-06-05 19:16:24,557 - __main__ - INFO - NetworkQuality-RS Monitoring: Enabled
2025-06-05 19:16:24,557 - __main__ - INFO - NetworkQuality-RS Server: http://127.0.0.1:7500
2025-06-05 19:16:24,557 - __main__ - INFO - =====================================================
2025-06-05 19:16:24,557 - __main__ - INFO - Main (enhanced_collector) monitoring loop started
2025-06-05 19:16:24,557 - __main__ - INFO - NetworkQuality-RS monitoring loop started.
2025-06-05 19:16:24,557 - src.networkquality.collector - INFO - Collecting NetworkQuality metrics for server: http://127.0.0.1:7500
2025-06-05 19:16:24,558 - src.api.server - INFO - Starting API server on 0.0.0.0:5000
2025-06-05 19:16:34,570 - src.networkquality.server - INFO - [networkquality-server-stderr]: error: unexpected argument '--bind' found
2025-06-05 19:16:34,570 - src.networkquality.server - INFO - [networkquality-server-stderr]: 
2025-06-05 19:16:34,570 - src.networkquality.server - INFO - [networkquality-server-stderr]: Usage: networkquality [OPTIONS] [COMMAND]
2025-06-05 19:16:34,570 - src.networkquality.server - INFO - [networkquality-server-stderr]: 
2025-06-05 19:16:34,570 - src.networkquality.server - INFO - [networkquality-server-stderr]: For more information, try '--help'.
2025-06-05 19:16:34,570 - src.networkquality.server - WARNING - NetworkQuality server process (PID: 1973460) exited with code 2.
2025-06-05 19:16:34,570 - src.networkquality.bridge - ERROR - NetworkQuality measurement failed for http://127.0.0.1:7500: error: unexpected argument '--server' found

Usage: networkquality [OPTIONS] [COMMAND]

For more information, try '--help'.
2025-06-05 19:16:34,570 - src.networkquality.collector - WARNING - NetworkQuality measurement failed for http://127.0.0.1:7500: error: unexpected argument '--server' found

Usage: networkquality [OPTIONS] [COMMAND]

For more information, try '--help'.
2025-06-05 19:16:34,570 - __main__ - WARNING - NQRS measurement for http://127.0.0.1:7500 error: error: unexpected argument '--server' found

Usage: networkquality [OPTIONS] [COMMAND]

For more information, try '--help'.
2025-06-05 19:21:34,571 - src.networkquality.collector - INFO - Collecting NetworkQuality metrics for server: http://127.0.0.1:7500
2025-06-05 19:21:34,574 - src.networkquality.bridge - ERROR - NetworkQuality measurement failed for http://127.0.0.1:7500: error: unexpected argument '--server' found

Usage: networkquality [OPTIONS] [COMMAND]

For more information, try '--help'.
2025-06-05 19:21:34,574 - src.networkquality.collector - WARNING - NetworkQuality measurement failed for http://127.0.0.1:7500: error: unexpected argument '--server' found

Usage: networkquality [OPTIONS] [COMMAND]

For more information, try '--help'.
2025-06-05 19:21:34,574 - __main__ - WARNING - NQRS measurement for http://127.0.0.1:7500 error: error: unexpected argument '--server' found

Usage: networkquality [OPTIONS] [COMMAND]

For more information, try '--help'.
2025-06-05 19:26:34,576 - src.networkquality.collector - INFO - Collecting NetworkQuality metrics for server: http://127.0.0.1:7500
2025-06-05 19:26:34,579 - src.networkquality.bridge - ERROR - NetworkQuality measurement failed for http://127.0.0.1:7500: error: unexpected argument '--server' found

Usage: networkquality [OPTIONS] [COMMAND]

For more information, try '--help'.
2025-06-05 19:26:34,579 - src.networkquality.collector - WARNING - NetworkQuality measurement failed for http://127.0.0.1:7500: error: unexpected argument '--server' found

Usage: networkquality [OPTIONS] [COMMAND]

For more information, try '--help'.
2025-06-05 19:26:34,579 - __main__ - WARNING - NQRS measurement for http://127.0.0.1:7500 error: error: unexpected argument '--server' found

Usage: networkquality [OPTIONS] [COMMAND]

For more information, try '--help'.
2025-06-05 19:26:48,694 - __main__ - INFO - Received signal SIGINT, initiating graceful shutdown...
2025-06-05 19:26:48,694 - __main__ - INFO - Stopping Enhanced Network Intelligence Monitor...
2025-06-05 19:26:48,695 - __main__ - INFO - NetworkQuality-RS monitoring loop cancelled.
2025-06-05 19:26:48,695 - __main__ - INFO - NetworkQuality-RS monitoring loop stopped.
2025-06-05 19:26:48,695 - __main__ - INFO - API server task cancelled.
2025-06-05 19:26:48,695 - __main__ - INFO - Main monitoring loop cancelled.
2025-06-05 19:26:48,695 - __main__ - INFO - Main (enhanced_collector) monitoring loop stopped
2025-06-05 19:26:48,695 - src.networkquality.server - INFO - NetworkQuality server process is not running or not managed.
2025-06-05 19:26:53,695 - src.prom_export - INFO - Metrics aggregator stopped
2025-06-05 19:26:53,695 - src.prom_export - INFO - Prometheus metrics server stopped
2025-06-05 19:26:53,701 - websockets.server - INFO - server closing
2025-06-05 19:26:53,701 - websockets.server - INFO - server closed
2025-06-05 19:26:53,701 - src.websocket_server - INFO - WebSocket server stopped
2025-06-05 19:26:53,703 - src.utils.database - INFO - Database connection closed
2025-06-05 19:26:53,703 - __main__ - INFO - AI models saved
2025-06-05 19:26:53,703 - __main__ - INFO - === Final Performance Report ===
2025-06-05 19:26:53,703 - __main__ - INFO - System Uptime: 0.17 hours
2025-06-05 19:26:53,703 - __main__ - INFO - Total Standard Measurements: 30
2025-06-05 19:26:53,703 - __main__ - INFO - Total NetworkQuality-RS Measurements: 3
2025-06-05 19:26:53,703 - __main__ - INFO - Anomalies Detected: 0
2025-06-05 19:26:53,703 - __main__ - INFO - Alerts Sent: 0
2025-06-05 19:26:53,703 - __main__ - INFO - Model Trainings: 0
2025-06-05 19:26:53,703 - __main__ - INFO - Baseline Updates: 0
2025-06-05 19:26:53,703 - __main__ - INFO - Average Collection Time: 0.00s
2025-06-05 19:26:53,703 - __main__ - INFO - Final Health Score: 100.0
2025-06-05 19:26:53,703 - __main__ - INFO - ================================
2025-06-05 19:26:53,703 - __main__ - INFO - Enhanced Network Intelligence Monitor stopped
2025-06-05 19:26:53,703 - __main__ - INFO - Monitor shutdown was initiated, ensuring cleanup.
2025-06-05 19:26:53,703 - __main__ - INFO - Application shutdown sequence complete.
2025-06-05 19:30:42,831 - src.utils.logger - INFO - Logging system initialized
2025-06-05 19:30:42,831 - src.utils.logger - INFO - Log level: 20
2025-06-05 19:30:42,831 - src.utils.logger - INFO - Log file: data/logs/network_intelligence.log
2025-06-05 19:30:42,831 - __main__ - INFO - Initializing Enhanced Network Intelligence Monitor...
2025-06-05 19:30:42,834 - src.config - INFO - Loaded configuration from config.yaml
2025-06-05 19:30:42,834 - src.config - INFO - Configuration validation completed.
2025-06-05 19:30:42,834 - __main__ - INFO - Configuration loaded from: config.yaml
2025-06-05 19:30:42,834 - __main__ - INFO - NetworkQuality-RS enabled: True
2025-06-05 19:30:42,834 - __main__ - INFO - Detecting environment...
2025-06-05 19:30:42,835 - __main__ - INFO -   Platform: linux
2025-06-05 19:30:42,835 - __main__ - INFO -   Is container: True
2025-06-05 19:30:42,835 - __main__ - INFO -   Is cloud: False
2025-06-05 19:30:42,835 - __main__ - INFO -   Is edge device: False
2025-06-05 19:30:42,835 - __main__ - INFO -   Constraints: ['container_limits']
2025-06-05 19:30:42,836 - src.utils.database - INFO - Database tables created
2025-06-05 19:30:42,836 - src.utils.database - INFO - Database indexes created
2025-06-05 19:30:42,836 - src.utils.database - INFO - Database initialized: data/database/network_intelligence.db
2025-06-05 19:30:42,836 - __main__ - INFO - Ensured 'network_quality_rs_metrics' table exists.
2025-06-05 19:30:42,836 - __main__ - INFO - Database initialized: data/database/network_intelligence.db
2025-06-05 19:30:42,836 - src.collector - INFO - Enhanced network collector initialized
2025-06-05 19:30:42,836 - __main__ - INFO - Enhanced network collector initialized
2025-06-05 19:30:43,323 - src.lstm_auto - INFO - Enhanced LSTM anomaly detector initialized
2025-06-05 19:30:43,323 - ai - INFO - Model enhanced_lstm loaded from data/models
2025-06-05 19:30:43,323 - __main__ - INFO - Loaded existing AI models
2025-06-05 19:30:43,323 - __main__ - INFO - AI detection system initialized
2025-06-05 19:30:43,323 - __main__ - INFO - Mimir integration disabled or Mimir config missing.
2025-06-05 19:30:43,323 - src.alerts - INFO - Loaded 1 escalation rules
2025-06-05 19:30:43,323 - src.alerts - INFO - Alert management system started
2025-06-05 19:30:43,323 - __main__ - INFO - Alerting system initialized
2025-06-05 19:30:43,323 - src.dynamic_thresh - INFO - Initialized dynamic thresholds for 10 metrics
2025-06-05 19:30:43,323 - __main__ - INFO - Dynamic threshold management initialized
2025-06-05 19:30:43,324 - src.prom_export - INFO - Prometheus metrics server started on 0.0.0.0:11455
2025-06-05 19:30:43,325 - src.prom_export - INFO - Metrics aggregator started
2025-06-05 19:30:43,325 - __main__ - INFO - Prometheus metrics server configured on port 11455
2025-06-05 19:30:43,328 - __main__ - INFO - Enhanced API server initialized
2025-06-05 19:30:43,331 - websockets.server - INFO - server listening on 0.0.0.0:11450
2025-06-05 19:30:43,331 - src.websocket_server - INFO - WebSocket server started on ws://0.0.0.0:11450
2025-06-05 19:30:43,331 - __main__ - INFO - WebSocket server initialized and started on ws://0.0.0.0:11450
2025-06-05 19:30:43,331 - __main__ - INFO - Initializing NetworkQuality-RS components...
2025-06-05 19:30:43,331 - src.networkquality.server - INFO - Starting NetworkQuality server: /usr/local/bin/networkquality --bind 192.168.25.104:7500 --log-level info
2025-06-05 19:30:43,332 - src.networkquality.server - INFO - NetworkQuality server process started successfully (PID: 1977119) on 192.168.25.104:7500.
2025-06-05 19:30:43,332 - __main__ - INFO - Self-hosted NetworkQuality server manager started.
2025-06-05 19:30:43,332 - __main__ - INFO - NetworkQuality-RS collector initialized.
2025-06-05 19:30:43,332 - __main__ - INFO - Edge optimization not enabled or deployment config missing.
2025-06-05 19:30:43,332 - __main__ - INFO - Verifying NetworkQuality-RS setup...
2025-06-05 19:30:43,332 - __main__ - INFO - ✓ NetworkQuality-RS collector configured for server: http://127.0.0.1:7500
2025-06-05 19:30:43,332 - __main__ - INFO - ✓ Self-hosted NetworkQuality server is running.
2025-06-05 19:30:43,332 - __main__ - INFO - Integration verification setup completed.
2025-06-05 19:30:43,332 - __main__ - INFO - Enhanced Network Intelligence Monitor initialization complete
2025-06-05 19:30:43,332 - __main__ - INFO - Starting Enhanced Network Intelligence Monitor...
2025-06-05 19:30:43,332 - __main__ - INFO - Enhanced Network Intelligence Monitor started successfully
2025-06-05 19:30:43,332 - __main__ - INFO - === Enhanced Network Intelligence Monitor Started ===
2025-06-05 19:30:43,332 - __main__ - INFO - API Server: http://0.0.0.0:5000
2025-06-05 19:30:43,332 - __main__ - INFO - Metrics Export (for Alloy): http://0.0.0.0:11455/metrics
2025-06-05 19:30:43,332 - __main__ - INFO - WebSocket Server: ws://0.0.0.0:8001/ws
2025-06-05 19:30:43,332 - __main__ - INFO - Targets: 8.8.8.8, 1.1.1.1, google.com
2025-06-05 19:30:43,332 - __main__ - INFO - NetworkQuality-RS Monitoring: Enabled
2025-06-05 19:30:43,332 - __main__ - INFO - NetworkQuality-RS Server: http://127.0.0.1:7500
2025-06-05 19:30:43,332 - __main__ - INFO - =====================================================
2025-06-05 19:30:43,332 - __main__ - INFO - Main (enhanced_collector) monitoring loop started
2025-06-05 19:30:43,332 - __main__ - INFO - NetworkQuality-RS monitoring loop started.
2025-06-05 19:30:43,332 - src.networkquality.collector - INFO - Collecting NetworkQuality metrics for server: http://127.0.0.1:7500
2025-06-05 19:30:43,333 - src.api.server - INFO - Starting API server on 0.0.0.0:5000
2025-06-05 19:30:53,345 - src.networkquality.server - INFO - [networkquality-server-stderr]: error: unexpected argument '--bind' found
2025-06-05 19:30:53,345 - src.networkquality.server - INFO - [networkquality-server-stderr]: 
2025-06-05 19:30:53,345 - src.networkquality.server - INFO - [networkquality-server-stderr]: Usage: networkquality [OPTIONS] [COMMAND]
2025-06-05 19:30:53,345 - src.networkquality.server - INFO - [networkquality-server-stderr]: 
2025-06-05 19:30:53,345 - src.networkquality.server - INFO - [networkquality-server-stderr]: For more information, try '--help'.
2025-06-05 19:30:53,345 - src.networkquality.server - WARNING - NetworkQuality server process (PID: 1977119) exited with code 2.
2025-06-05 19:30:53,345 - src.networkquality.bridge - ERROR - NetworkQuality measurement failed for http://127.0.0.1:7500 (RC: 2): error: unexpected argument 'http://127.0.0.1:7500' found

Usage: networkquality rpm [OPTIONS]

For more information, try '--help'.
2025-06-05 19:30:53,346 - src.networkquality.collector - WARNING - NetworkQuality measurement failed for http://127.0.0.1:7500: error: unexpected argument 'http://127.0.0.1:7500' found

Usage: networkquality rpm [OPTIONS]

For more information, try '--help'.
2025-06-05 19:30:53,346 - __main__ - WARNING - NQRS measurement for http://127.0.0.1:7500 error: error: unexpected argument 'http://127.0.0.1:7500' found

Usage: networkquality rpm [OPTIONS]

For more information, try '--help'.
2025-06-05 19:35:53,347 - src.networkquality.collector - INFO - Collecting NetworkQuality metrics for server: http://127.0.0.1:7500
2025-06-05 19:35:53,350 - src.networkquality.bridge - ERROR - NetworkQuality measurement failed for http://127.0.0.1:7500 (RC: 2): error: unexpected argument 'http://127.0.0.1:7500' found

Usage: networkquality rpm [OPTIONS]

For more information, try '--help'.
2025-06-05 19:35:53,350 - src.networkquality.collector - WARNING - NetworkQuality measurement failed for http://127.0.0.1:7500: error: unexpected argument 'http://127.0.0.1:7500' found

Usage: networkquality rpm [OPTIONS]

For more information, try '--help'.
2025-06-05 19:35:53,350 - __main__ - WARNING - NQRS measurement for http://127.0.0.1:7500 error: error: unexpected argument 'http://127.0.0.1:7500' found

Usage: networkquality rpm [OPTIONS]

For more information, try '--help'.
2025-06-05 19:40:02,876 - __main__ - INFO - Received signal SIGINT, initiating graceful shutdown...
2025-06-05 19:40:02,876 - __main__ - INFO - Stopping Enhanced Network Intelligence Monitor...
2025-06-05 19:40:02,877 - __main__ - INFO - NetworkQuality-RS monitoring loop cancelled.
2025-06-05 19:40:02,877 - __main__ - INFO - NetworkQuality-RS monitoring loop stopped.
2025-06-05 19:40:02,877 - __main__ - INFO - API server task cancelled.
2025-06-05 19:40:02,877 - __main__ - INFO - Main monitoring loop cancelled.
2025-06-05 19:40:02,877 - __main__ - INFO - Main (enhanced_collector) monitoring loop stopped
2025-06-05 19:40:02,877 - src.networkquality.server - INFO - NetworkQuality server process is not running or not managed.
2025-06-05 19:40:07,877 - src.prom_export - INFO - Metrics aggregator stopped
2025-06-05 19:40:07,877 - src.prom_export - INFO - Prometheus metrics server stopped
2025-06-05 19:40:07,878 - websockets.server - INFO - server closing
2025-06-05 19:40:07,878 - websockets.server - INFO - server closed
2025-06-05 19:40:07,878 - src.websocket_server - INFO - WebSocket server stopped
2025-06-05 19:40:07,880 - src.utils.database - INFO - Database connection closed
2025-06-05 19:40:07,880 - __main__ - INFO - AI models saved
2025-06-05 19:40:07,880 - __main__ - INFO - === Final Performance Report ===
2025-06-05 19:40:07,880 - __main__ - INFO - System Uptime: 0.16 hours
2025-06-05 19:40:07,880 - __main__ - INFO - Total Standard Measurements: 27
2025-06-05 19:40:07,880 - __main__ - INFO - Total NetworkQuality-RS Measurements: 2
2025-06-05 19:40:07,880 - __main__ - INFO - Anomalies Detected: 0
2025-06-05 19:40:07,880 - __main__ - INFO - Alerts Sent: 0
2025-06-05 19:40:07,880 - __main__ - INFO - Model Trainings: 0
2025-06-05 19:40:07,880 - __main__ - INFO - Baseline Updates: 0
2025-06-05 19:40:07,880 - __main__ - INFO - Average Collection Time: 0.00s
2025-06-05 19:40:07,880 - __main__ - INFO - Final Health Score: 100.0
2025-06-05 19:40:07,880 - __main__ - INFO - ================================
2025-06-05 19:40:07,880 - __main__ - INFO - Enhanced Network Intelligence Monitor stopped
2025-06-05 19:40:07,880 - __main__ - INFO - Monitor shutdown was initiated, ensuring cleanup.
2025-06-05 19:40:07,880 - __main__ - INFO - Application shutdown sequence complete.
2025-06-06 06:16:08,129 - src.utils.logger - INFO - Logging system initialized
2025-06-06 06:16:08,129 - src.utils.logger - INFO - Log level: 20
2025-06-06 06:16:08,129 - src.utils.logger - INFO - Log file: data/logs/network_intelligence.log
2025-06-06 06:16:08,129 - __main__ - INFO - Initializing Enhanced Network Intelligence Monitor...
2025-06-06 06:16:08,132 - src.config - INFO - Loaded configuration from config.yaml
2025-06-06 06:16:08,132 - src.config - INFO - Configuration validation completed.
2025-06-06 06:16:08,132 - __main__ - INFO - Configuration loaded from: config.yaml
2025-06-06 06:16:08,132 - __main__ - INFO - NetworkQuality-RS enabled: True
2025-06-06 06:16:08,132 - __main__ - INFO - Detecting environment...
2025-06-06 06:16:08,133 - __main__ - INFO -   Platform: linux
2025-06-06 06:16:08,133 - __main__ - INFO -   Is container: True
2025-06-06 06:16:08,133 - __main__ - INFO -   Is cloud: False
2025-06-06 06:16:08,133 - __main__ - INFO -   Is edge device: False
2025-06-06 06:16:08,133 - __main__ - INFO -   Constraints: ['container_limits']
2025-06-06 06:16:08,134 - src.utils.database - INFO - Database tables created
2025-06-06 06:16:08,135 - src.utils.database - INFO - Database indexes created
2025-06-06 06:16:08,135 - src.utils.database - INFO - Database initialized: data/database/network_intelligence.db
2025-06-06 06:16:08,135 - __main__ - INFO - Ensured 'network_quality_rs_metrics' table exists.
2025-06-06 06:16:08,135 - __main__ - INFO - Database initialized: data/database/network_intelligence.db
2025-06-06 06:16:08,135 - src.collector - INFO - Enhanced network collector initialized
2025-06-06 06:16:08,135 - __main__ - INFO - Enhanced network collector initialized
2025-06-06 06:16:08,624 - src.lstm_auto - INFO - Enhanced LSTM anomaly detector initialized
2025-06-06 06:16:08,624 - ai - INFO - Model enhanced_lstm loaded from data/models
2025-06-06 06:16:08,624 - __main__ - INFO - Loaded existing AI models
2025-06-06 06:16:08,624 - __main__ - INFO - AI detection system initialized
2025-06-06 06:16:08,624 - __main__ - INFO - Mimir integration disabled or Mimir config missing.
2025-06-06 06:16:08,624 - src.alerts - INFO - Loaded 1 escalation rules
2025-06-06 06:16:08,624 - src.alerts - INFO - Alert management system started
2025-06-06 06:16:08,624 - __main__ - INFO - Alerting system initialized
2025-06-06 06:16:08,624 - src.dynamic_thresh - INFO - Initialized dynamic thresholds for 10 metrics
2025-06-06 06:16:08,624 - __main__ - INFO - Dynamic threshold management initialized
2025-06-06 06:16:08,625 - src.prom_export - INFO - Prometheus metrics server started on 0.0.0.0:11455
2025-06-06 06:16:08,626 - src.prom_export - INFO - Metrics aggregator started
2025-06-06 06:16:08,626 - __main__ - INFO - Prometheus metrics server configured on port 11455
2025-06-06 06:16:08,629 - __main__ - INFO - Enhanced API server initialized
2025-06-06 06:16:08,632 - websockets.server - INFO - server listening on 0.0.0.0:11450
2025-06-06 06:16:08,632 - src.websocket_server - INFO - WebSocket server started on ws://0.0.0.0:11450
2025-06-06 06:16:08,632 - __main__ - INFO - WebSocket server initialized and started on ws://0.0.0.0:11450
2025-06-06 06:16:08,632 - __main__ - INFO - Initializing NetworkQuality-RS components...
2025-06-06 06:16:08,632 - src.networkquality.server - INFO - Starting NetworkQuality server: /usr/local/bin/networkquality --bind 192.168.25.104:7500 --log-level info
2025-06-06 06:16:08,633 - src.networkquality.server - INFO - NetworkQuality server process started successfully (PID: 2074228) on 192.168.25.104:7500.
2025-06-06 06:16:08,633 - __main__ - INFO - Self-hosted NetworkQuality server manager started.
2025-06-06 06:16:08,633 - __main__ - INFO - NetworkQuality-RS collector initialized.
2025-06-06 06:16:08,633 - __main__ - INFO - Edge optimization not enabled or deployment config missing.
2025-06-06 06:16:08,633 - __main__ - INFO - Verifying NetworkQuality-RS setup...
2025-06-06 06:16:08,633 - __main__ - INFO - ✓ NetworkQuality-RS collector configured for server: http://127.0.0.1:7500
2025-06-06 06:16:08,633 - __main__ - INFO - ✓ Self-hosted NetworkQuality server is running.
2025-06-06 06:16:08,633 - __main__ - INFO - Integration verification setup completed.
2025-06-06 06:16:08,633 - __main__ - INFO - Enhanced Network Intelligence Monitor initialization complete
2025-06-06 06:16:08,633 - __main__ - INFO - Starting Enhanced Network Intelligence Monitor...
2025-06-06 06:16:08,633 - __main__ - INFO - Enhanced Network Intelligence Monitor started successfully
2025-06-06 06:16:08,633 - __main__ - INFO - === Enhanced Network Intelligence Monitor Started ===
2025-06-06 06:16:08,633 - __main__ - INFO - API Server: http://0.0.0.0:5000
2025-06-06 06:16:08,633 - __main__ - INFO - Metrics Export (for Alloy): http://0.0.0.0:11455/metrics
2025-06-06 06:16:08,633 - __main__ - INFO - WebSocket Server: ws://0.0.0.0:8001/ws
2025-06-06 06:16:08,633 - __main__ - INFO - Targets: 8.8.8.8, 1.1.1.1, google.com
2025-06-06 06:16:08,633 - __main__ - INFO - NetworkQuality-RS Monitoring: Enabled
2025-06-06 06:16:08,633 - __main__ - INFO - NetworkQuality-RS Server: http://127.0.0.1:7500
2025-06-06 06:16:08,633 - __main__ - INFO - =====================================================
2025-06-06 06:16:08,633 - __main__ - INFO - Main (enhanced_collector) monitoring loop started
2025-06-06 06:16:08,634 - __main__ - INFO - NetworkQuality-RS monitoring loop started.
2025-06-06 06:16:08,634 - src.networkquality.collector - INFO - Collecting NetworkQuality metrics for server: http://127.0.0.1:7500
2025-06-06 06:16:08,634 - src.api.server - INFO - Starting API server on 0.0.0.0:5000
2025-06-06 06:16:18,646 - src.networkquality.server - INFO - [networkquality-server-stderr]: error: unexpected argument '--bind' found
2025-06-06 06:16:18,646 - src.networkquality.server - INFO - [networkquality-server-stderr]: 
2025-06-06 06:16:18,646 - src.networkquality.server - INFO - [networkquality-server-stderr]: Usage: networkquality [OPTIONS] [COMMAND]
2025-06-06 06:16:18,646 - src.networkquality.server - INFO - [networkquality-server-stderr]: 
2025-06-06 06:16:18,646 - src.networkquality.server - INFO - [networkquality-server-stderr]: For more information, try '--help'.
2025-06-06 06:16:18,646 - src.networkquality.server - WARNING - NetworkQuality server process (PID: 2074228) exited with code 2.
2025-06-06 06:16:18,646 - src.networkquality.bridge - ERROR - NetworkQuality measurement failed for http://127.0.0.1:7500 (RC: 2): error: unexpected argument 'http://127.0.0.1:7500' found

Usage: networkquality rpm [OPTIONS]

For more information, try '--help'.
2025-06-06 06:16:18,646 - src.networkquality.collector - WARNING - NetworkQuality measurement failed for http://127.0.0.1:7500: error: unexpected argument 'http://127.0.0.1:7500' found

Usage: networkquality rpm [OPTIONS]

For more information, try '--help'.
2025-06-06 06:16:18,647 - __main__ - WARNING - NQRS measurement for http://127.0.0.1:7500 error: error: unexpected argument 'http://127.0.0.1:7500' found

Usage: networkquality rpm [OPTIONS]

For more information, try '--help'.
2025-06-06 06:16:21,026 - __main__ - INFO - Received signal SIGINT, initiating graceful shutdown...
2025-06-06 06:16:21,026 - __main__ - INFO - Stopping Enhanced Network Intelligence Monitor...
2025-06-06 06:16:21,026 - __main__ - INFO - NetworkQuality-RS monitoring loop cancelled.
2025-06-06 06:16:21,026 - __main__ - INFO - NetworkQuality-RS monitoring loop stopped.
2025-06-06 06:16:21,026 - __main__ - INFO - API server task cancelled.
2025-06-06 06:16:21,027 - __main__ - INFO - Main monitoring loop cancelled.
2025-06-06 06:16:21,027 - __main__ - INFO - Main (enhanced_collector) monitoring loop stopped
2025-06-06 06:16:21,027 - src.networkquality.server - INFO - NetworkQuality server process is not running or not managed.
2025-06-06 06:16:26,027 - src.prom_export - INFO - Metrics aggregator stopped
2025-06-06 06:16:26,028 - src.prom_export - INFO - Prometheus metrics server stopped
2025-06-06 06:16:26,028 - __main__ - INFO - Received signal SIGINT, initiating graceful shutdown...
2025-06-06 06:16:26,028 - websockets.server - INFO - server closing
2025-06-06 06:16:26,028 - websockets.server - INFO - server closed
2025-06-06 06:16:26,028 - src.websocket_server - INFO - WebSocket server stopped
2025-06-06 06:16:26,030 - src.utils.database - INFO - Database connection closed
2025-06-06 06:16:26,030 - __main__ - INFO - AI models saved
2025-06-06 06:16:26,030 - __main__ - INFO - === Final Performance Report ===
2025-06-06 06:16:26,030 - __main__ - INFO - System Uptime: 0.00 hours
2025-06-06 06:16:26,030 - __main__ - INFO - Total Standard Measurements: 2
2025-06-06 06:16:26,030 - __main__ - INFO - Total NetworkQuality-RS Measurements: 1
2025-06-06 06:16:26,030 - __main__ - INFO - Anomalies Detected: 0
2025-06-06 06:16:26,030 - __main__ - INFO - Alerts Sent: 0
2025-06-06 06:16:26,030 - __main__ - INFO - Model Trainings: 0
2025-06-06 06:16:26,030 - __main__ - INFO - Baseline Updates: 0
2025-06-06 06:16:26,030 - __main__ - INFO - Average Collection Time: 0.00s
2025-06-06 06:16:26,030 - __main__ - INFO - Final Health Score: 100.0
2025-06-06 06:16:26,030 - __main__ - INFO - ================================
2025-06-06 06:16:26,030 - __main__ - INFO - Enhanced Network Intelligence Monitor stopped
2025-06-06 06:16:26,030 - __main__ - INFO - Monitor shutdown was initiated, ensuring cleanup.
2025-06-06 06:16:26,030 - __main__ - INFO - Application shutdown sequence complete.
